The system is: Linux - 4.4.0-62-generic - x86_64
Compiling the C compiler identification source file "CMakeCCompilerId.c" succeeded.
Compiler: /usr/bin/cc 
Build flags: 
Id flags: 

The output was:
0


Compilation of the C compiler identification source "CMakeCCompilerId.c" produced "a.out"

The C compiler identification is GNU, found in "/home/gunshi/Downloads/MultiRobot/slam/cair/build/CMakeFiles/3.5.1/CompilerIdC/a.out"

Compiling the CXX compiler identification source file "CMakeCXXCompilerId.cpp" succeeded.
Compiler: /usr/bin/c++ 
Build flags: 
Id flags: 

The output was:
0


Compilation of the CXX compiler identification source "CMakeCXXCompilerId.cpp" produced "a.out"

The CXX compiler identification is GNU, found in "/home/gunshi/Downloads/MultiRobot/slam/cair/build/CMakeFiles/3.5.1/CompilerIdCXX/a.out"

Determining if the C compiler works passed with the following output:
Change Dir: /home/gunshi/Downloads/MultiRobot/slam/cair/build/CMakeFiles/CMakeTmp

Run Build Command:"/usr/bin/make" "cmTC_57b70/fast"
/usr/bin/make -f CMakeFiles/cmTC_57b70.dir/build.make CMakeFiles/cmTC_57b70.dir/build
make[1]: Entering directory '/home/gunshi/Downloads/MultiRobot/slam/cair/build/CMakeFiles/CMakeTmp'
Building C object CMakeFiles/cmTC_57b70.dir/testCCompiler.c.o
/usr/bin/cc     -o CMakeFiles/cmTC_57b70.dir/testCCompiler.c.o   -c /home/gunshi/Downloads/MultiRobot/slam/cair/build/CMakeFiles/CMakeTmp/testCCompiler.c
Linking C executable cmTC_57b70
/usr/bin/cmake -E cmake_link_script CMakeFiles/cmTC_57b70.dir/link.txt --verbose=1
/usr/bin/cc       CMakeFiles/cmTC_57b70.dir/testCCompiler.c.o  -o cmTC_57b70 -rdynamic 
make[1]: Leaving directory '/home/gunshi/Downloads/MultiRobot/slam/cair/build/CMakeFiles/CMakeTmp'


Detecting C compiler ABI info compiled with the following output:
Change Dir: /home/gunshi/Downloads/MultiRobot/slam/cair/build/CMakeFiles/CMakeTmp

Run Build Command:"/usr/bin/make" "cmTC_3c2be/fast"
/usr/bin/make -f CMakeFiles/cmTC_3c2be.dir/build.make CMakeFiles/cmTC_3c2be.dir/build
make[1]: Entering directory '/home/gunshi/Downloads/MultiRobot/slam/cair/build/CMakeFiles/CMakeTmp'
Building C object CMakeFiles/cmTC_3c2be.dir/CMakeCCompilerABI.c.o
/usr/bin/cc     -o CMakeFiles/cmTC_3c2be.dir/CMakeCCompilerABI.c.o   -c /usr/share/cmake-3.5/Modules/CMakeCCompilerABI.c
Linking C executable cmTC_3c2be
/usr/bin/cmake -E cmake_link_script CMakeFiles/cmTC_3c2be.dir/link.txt --verbose=1
/usr/bin/cc      -v CMakeFiles/cmTC_3c2be.dir/CMakeCCompilerABI.c.o  -o cmTC_3c2be -rdynamic  
Using built-in specs.
COLLECT_GCC=/usr/bin/cc
COLLECT_LTO_WRAPPER=/usr/lib/gcc/x86_64-linux-gnu/5/lto-wrapper
Target: x86_64-linux-gnu
Configured with: ../src/configure -v --with-pkgversion='Ubuntu 5.4.0-6ubuntu1~16.04.4' --with-bugurl=file:///usr/share/doc/gcc-5/README.Bugs --enable-languages=c,ada,c++,java,go,d,fortran,objc,obj-c++ --prefix=/usr --program-suffix=-5 --enable-shared --enable-linker-build-id --libexecdir=/usr/lib --without-included-gettext --enable-threads=posix --libdir=/usr/lib --enable-nls --with-sysroot=/ --enable-clocale=gnu --enable-libstdcxx-debug --enable-libstdcxx-time=yes --with-default-libstdcxx-abi=new --enable-gnu-unique-object --disable-vtable-verify --enable-libmpx --enable-plugin --with-system-zlib --disable-browser-plugin --enable-java-awt=gtk --enable-gtk-cairo --with-java-home=/usr/lib/jvm/java-1.5.0-gcj-5-amd64/jre --enable-java-home --with-jvm-root-dir=/usr/lib/jvm/java-1.5.0-gcj-5-amd64 --with-jvm-jar-dir=/usr/lib/jvm-exports/java-1.5.0-gcj-5-amd64 --with-arch-directory=amd64 --with-ecj-jar=/usr/share/java/eclipse-ecj.jar --enable-objc-gc --enable-multiarch --disable-werror --with-arch-32=i686 --with-abi=m64 --with-multilib-list=m32,m64,mx32 --enable-multilib --with-tune=generic --enable-checking=release --build=x86_64-linux-gnu --host=x86_64-linux-gnu --target=x86_64-linux-gnu
Thread model: posix
gcc version 5.4.0 20160609 (Ubuntu 5.4.0-6ubuntu1~16.04.4) 
COMPILER_PATH=/usr/lib/gcc/x86_64-linux-gnu/5/:/usr/lib/gcc/x86_64-linux-gnu/5/:/usr/lib/gcc/x86_64-linux-gnu/:/usr/lib/gcc/x86_64-linux-gnu/5/:/usr/lib/gcc/x86_64-linux-gnu/
LIBRARY_PATH=/usr/lib/gcc/x86_64-linux-gnu/5/:/usr/lib/gcc/x86_64-linux-gnu/5/../../../x86_64-linux-gnu/:/usr/lib/gcc/x86_64-linux-gnu/5/../../../../lib/:/lib/x86_64-linux-gnu/:/lib/../lib/:/usr/lib/x86_64-linux-gnu/:/usr/lib/../lib/:/usr/lib/gcc/x86_64-linux-gnu/5/../../../:/lib/:/usr/lib/
COLLECT_GCC_OPTIONS='-v' '-o' 'cmTC_3c2be' '-rdynamic' '-mtune=generic' '-march=x86-64'
 /usr/lib/gcc/x86_64-linux-gnu/5/collect2 -plugin /usr/lib/gcc/x86_64-linux-gnu/5/liblto_plugin.so -plugin-opt=/usr/lib/gcc/x86_64-linux-gnu/5/lto-wrapper -plugin-opt=-fresolution=/tmp/cccBjfnm.res -plugin-opt=-pass-through=-lgcc -plugin-opt=-pass-through=-lgcc_s -plugin-opt=-pass-through=-lc -plugin-opt=-pass-through=-lgcc -plugin-opt=-pass-through=-lgcc_s --sysroot=/ --build-id --eh-frame-hdr -m elf_x86_64 --hash-style=gnu --as-needed -export-dynamic -dynamic-linker /lib64/ld-linux-x86-64.so.2 -z relro -o cmTC_3c2be /usr/lib/gcc/x86_64-linux-gnu/5/../../../x86_64-linux-gnu/crt1.o /usr/lib/gcc/x86_64-linux-gnu/5/../../../x86_64-linux-gnu/crti.o /usr/lib/gcc/x86_64-linux-gnu/5/crtbegin.o -L/usr/lib/gcc/x86_64-linux-gnu/5 -L/usr/lib/gcc/x86_64-linux-gnu/5/../../../x86_64-linux-gnu -L/usr/lib/gcc/x86_64-linux-gnu/5/../../../../lib -L/lib/x86_64-linux-gnu -L/lib/../lib -L/usr/lib/x86_64-linux-gnu -L/usr/lib/../lib -L/usr/lib/gcc/x86_64-linux-gnu/5/../../.. CMakeFiles/cmTC_3c2be.dir/CMakeCCompilerABI.c.o -lgcc --as-needed -lgcc_s --no-as-needed -lc -lgcc --as-needed -lgcc_s --no-as-needed /usr/lib/gcc/x86_64-linux-gnu/5/crtend.o /usr/lib/gcc/x86_64-linux-gnu/5/../../../x86_64-linux-gnu/crtn.o
make[1]: Leaving directory '/home/gunshi/Downloads/MultiRobot/slam/cair/build/CMakeFiles/CMakeTmp'


Parsed C implicit link information from above output:
  link line regex: [^( *|.*[/\])(ld|([^/\]+-)?ld|collect2)[^/\]*( |$)]
  ignore line: [Change Dir: /home/gunshi/Downloads/MultiRobot/slam/cair/build/CMakeFiles/CMakeTmp]
  ignore line: []
  ignore line: [Run Build Command:"/usr/bin/make" "cmTC_3c2be/fast"]
  ignore line: [/usr/bin/make -f CMakeFiles/cmTC_3c2be.dir/build.make CMakeFiles/cmTC_3c2be.dir/build]
  ignore line: [make[1]: Entering directory '/home/gunshi/Downloads/MultiRobot/slam/cair/build/CMakeFiles/CMakeTmp']
  ignore line: [Building C object CMakeFiles/cmTC_3c2be.dir/CMakeCCompilerABI.c.o]
  ignore line: [/usr/bin/cc     -o CMakeFiles/cmTC_3c2be.dir/CMakeCCompilerABI.c.o   -c /usr/share/cmake-3.5/Modules/CMakeCCompilerABI.c]
  ignore line: [Linking C executable cmTC_3c2be]
  ignore line: [/usr/bin/cmake -E cmake_link_script CMakeFiles/cmTC_3c2be.dir/link.txt --verbose=1]
  ignore line: [/usr/bin/cc      -v CMakeFiles/cmTC_3c2be.dir/CMakeCCompilerABI.c.o  -o cmTC_3c2be -rdynamic  ]
  ignore line: [Using built-in specs.]
  ignore line: [COLLECT_GCC=/usr/bin/cc]
  ignore line: [COLLECT_LTO_WRAPPER=/usr/lib/gcc/x86_64-linux-gnu/5/lto-wrapper]
  ignore line: [Target: x86_64-linux-gnu]
  ignore line: [Configured with: ../src/configure -v --with-pkgversion='Ubuntu 5.4.0-6ubuntu1~16.04.4' --with-bugurl=file:///usr/share/doc/gcc-5/README.Bugs --enable-languages=c,ada,c++,java,go,d,fortran,objc,obj-c++ --prefix=/usr --program-suffix=-5 --enable-shared --enable-linker-build-id --libexecdir=/usr/lib --without-included-gettext --enable-threads=posix --libdir=/usr/lib --enable-nls --with-sysroot=/ --enable-clocale=gnu --enable-libstdcxx-debug --enable-libstdcxx-time=yes --with-default-libstdcxx-abi=new --enable-gnu-unique-object --disable-vtable-verify --enable-libmpx --enable-plugin --with-system-zlib --disable-browser-plugin --enable-java-awt=gtk --enable-gtk-cairo --with-java-home=/usr/lib/jvm/java-1.5.0-gcj-5-amd64/jre --enable-java-home --with-jvm-root-dir=/usr/lib/jvm/java-1.5.0-gcj-5-amd64 --with-jvm-jar-dir=/usr/lib/jvm-exports/java-1.5.0-gcj-5-amd64 --with-arch-directory=amd64 --with-ecj-jar=/usr/share/java/eclipse-ecj.jar --enable-objc-gc --enable-multiarch --disable-werror --with-arch-32=i686 --with-abi=m64 --with-multilib-list=m32,m64,mx32 --enable-multilib --with-tune=generic --enable-checking=release --build=x86_64-linux-gnu --host=x86_64-linux-gnu --target=x86_64-linux-gnu]
  ignore line: [Thread model: posix]
  ignore line: [gcc version 5.4.0 20160609 (Ubuntu 5.4.0-6ubuntu1~16.04.4) ]
  ignore line: [COMPILER_PATH=/usr/lib/gcc/x86_64-linux-gnu/5/:/usr/lib/gcc/x86_64-linux-gnu/5/:/usr/lib/gcc/x86_64-linux-gnu/:/usr/lib/gcc/x86_64-linux-gnu/5/:/usr/lib/gcc/x86_64-linux-gnu/]
  ignore line: [LIBRARY_PATH=/usr/lib/gcc/x86_64-linux-gnu/5/:/usr/lib/gcc/x86_64-linux-gnu/5/../../../x86_64-linux-gnu/:/usr/lib/gcc/x86_64-linux-gnu/5/../../../../lib/:/lib/x86_64-linux-gnu/:/lib/../lib/:/usr/lib/x86_64-linux-gnu/:/usr/lib/../lib/:/usr/lib/gcc/x86_64-linux-gnu/5/../../../:/lib/:/usr/lib/]
  ignore line: [COLLECT_GCC_OPTIONS='-v' '-o' 'cmTC_3c2be' '-rdynamic' '-mtune=generic' '-march=x86-64']
  link line: [ /usr/lib/gcc/x86_64-linux-gnu/5/collect2 -plugin /usr/lib/gcc/x86_64-linux-gnu/5/liblto_plugin.so -plugin-opt=/usr/lib/gcc/x86_64-linux-gnu/5/lto-wrapper -plugin-opt=-fresolution=/tmp/cccBjfnm.res -plugin-opt=-pass-through=-lgcc -plugin-opt=-pass-through=-lgcc_s -plugin-opt=-pass-through=-lc -plugin-opt=-pass-through=-lgcc -plugin-opt=-pass-through=-lgcc_s --sysroot=/ --build-id --eh-frame-hdr -m elf_x86_64 --hash-style=gnu --as-needed -export-dynamic -dynamic-linker /lib64/ld-linux-x86-64.so.2 -z relro -o cmTC_3c2be /usr/lib/gcc/x86_64-linux-gnu/5/../../../x86_64-linux-gnu/crt1.o /usr/lib/gcc/x86_64-linux-gnu/5/../../../x86_64-linux-gnu/crti.o /usr/lib/gcc/x86_64-linux-gnu/5/crtbegin.o -L/usr/lib/gcc/x86_64-linux-gnu/5 -L/usr/lib/gcc/x86_64-linux-gnu/5/../../../x86_64-linux-gnu -L/usr/lib/gcc/x86_64-linux-gnu/5/../../../../lib -L/lib/x86_64-linux-gnu -L/lib/../lib -L/usr/lib/x86_64-linux-gnu -L/usr/lib/../lib -L/usr/lib/gcc/x86_64-linux-gnu/5/../../.. CMakeFiles/cmTC_3c2be.dir/CMakeCCompilerABI.c.o -lgcc --as-needed -lgcc_s --no-as-needed -lc -lgcc --as-needed -lgcc_s --no-as-needed /usr/lib/gcc/x86_64-linux-gnu/5/crtend.o /usr/lib/gcc/x86_64-linux-gnu/5/../../../x86_64-linux-gnu/crtn.o]
    arg [/usr/lib/gcc/x86_64-linux-gnu/5/collect2] ==> ignore
    arg [-plugin] ==> ignore
    arg [/usr/lib/gcc/x86_64-linux-gnu/5/liblto_plugin.so] ==> ignore
    arg [-plugin-opt=/usr/lib/gcc/x86_64-linux-gnu/5/lto-wrapper] ==> ignore
    arg [-plugin-opt=-fresolution=/tmp/cccBjfnm.res] ==> ignore
    arg [-plugin-opt=-pass-through=-lgcc] ==> ignore
    arg [-plugin-opt=-pass-through=-lgcc_s] ==> ignore
    arg [-plugin-opt=-pass-through=-lc] ==> ignore
    arg [-plugin-opt=-pass-through=-lgcc] ==> ignore
    arg [-plugin-opt=-pass-through=-lgcc_s] ==> ignore
    arg [--sysroot=/] ==> ignore
    arg [--build-id] ==> ignore
    arg [--eh-frame-hdr] ==> ignore
    arg [-m] ==> ignore
    arg [elf_x86_64] ==> ignore
    arg [--hash-style=gnu] ==> ignore
    arg [--as-needed] ==> ignore
    arg [-export-dynamic] ==> ignore
    arg [-dynamic-linker] ==> ignore
    arg [/lib64/ld-linux-x86-64.so.2] ==> ignore
    arg [-zrelro] ==> ignore
    arg [-o] ==> ignore
    arg [cmTC_3c2be] ==> ignore
    arg [/usr/lib/gcc/x86_64-linux-gnu/5/../../../x86_64-linux-gnu/crt1.o] ==> ignore
    arg [/usr/lib/gcc/x86_64-linux-gnu/5/../../../x86_64-linux-gnu/crti.o] ==> ignore
    arg [/usr/lib/gcc/x86_64-linux-gnu/5/crtbegin.o] ==> ignore
    arg [-L/usr/lib/gcc/x86_64-linux-gnu/5] ==> dir [/usr/lib/gcc/x86_64-linux-gnu/5]
    arg [-L/usr/lib/gcc/x86_64-linux-gnu/5/../../../x86_64-linux-gnu] ==> dir [/usr/lib/gcc/x86_64-linux-gnu/5/../../../x86_64-linux-gnu]
    arg [-L/usr/lib/gcc/x86_64-linux-gnu/5/../../../../lib] ==> dir [/usr/lib/gcc/x86_64-linux-gnu/5/../../../../lib]
    arg [-L/lib/x86_64-linux-gnu] ==> dir [/lib/x86_64-linux-gnu]
    arg [-L/lib/../lib] ==> dir [/lib/../lib]
    arg [-L/usr/lib/x86_64-linux-gnu] ==> dir [/usr/lib/x86_64-linux-gnu]
    arg [-L/usr/lib/../lib] ==> dir [/usr/lib/../lib]
    arg [-L/usr/lib/gcc/x86_64-linux-gnu/5/../../..] ==> dir [/usr/lib/gcc/x86_64-linux-gnu/5/../../..]
    arg [CMakeFiles/cmTC_3c2be.dir/CMakeCCompilerABI.c.o] ==> ignore
    arg [-lgcc] ==> lib [gcc]
    arg [--as-needed] ==> ignore
    arg [-lgcc_s] ==> lib [gcc_s]
    arg [--no-as-needed] ==> ignore
    arg [-lc] ==> lib [c]
    arg [-lgcc] ==> lib [gcc]
    arg [--as-needed] ==> ignore
    arg [-lgcc_s] ==> lib [gcc_s]
    arg [--no-as-needed] ==> ignore
    arg [/usr/lib/gcc/x86_64-linux-gnu/5/crtend.o] ==> ignore
    arg [/usr/lib/gcc/x86_64-linux-gnu/5/../../../x86_64-linux-gnu/crtn.o] ==> ignore
  remove lib [gcc]
  remove lib [gcc_s]
  remove lib [gcc]
  remove lib [gcc_s]
  collapse library dir [/usr/lib/gcc/x86_64-linux-gnu/5] ==> [/usr/lib/gcc/x86_64-linux-gnu/5]
  collapse library dir [/usr/lib/gcc/x86_64-linux-gnu/5/../../../x86_64-linux-gnu] ==> [/usr/lib/x86_64-linux-gnu]
  collapse library dir [/usr/lib/gcc/x86_64-linux-gnu/5/../../../../lib] ==> [/usr/lib]
  collapse library dir [/lib/x86_64-linux-gnu] ==> [/lib/x86_64-linux-gnu]
  collapse library dir [/lib/../lib] ==> [/lib]
  collapse library dir [/usr/lib/x86_64-linux-gnu] ==> [/usr/lib/x86_64-linux-gnu]
  collapse library dir [/usr/lib/../lib] ==> [/usr/lib]
  collapse library dir [/usr/lib/gcc/x86_64-linux-gnu/5/../../..] ==> [/usr/lib]
  implicit libs: [c]
  implicit dirs: [/usr/lib/gcc/x86_64-linux-gnu/5;/usr/lib/x86_64-linux-gnu;/usr/lib;/lib/x86_64-linux-gnu;/lib]
  implicit fwks: []




Detecting C [-std=c11] compiler features compiled with the following output:
Change Dir: /home/gunshi/Downloads/MultiRobot/slam/cair/build/CMakeFiles/CMakeTmp

Run Build Command:"/usr/bin/make" "cmTC_d6a46/fast"
/usr/bin/make -f CMakeFiles/cmTC_d6a46.dir/build.make CMakeFiles/cmTC_d6a46.dir/build
make[1]: Entering directory '/home/gunshi/Downloads/MultiRobot/slam/cair/build/CMakeFiles/CMakeTmp'
Building C object CMakeFiles/cmTC_d6a46.dir/feature_tests.c.o
/usr/bin/cc    -std=c11 -o CMakeFiles/cmTC_d6a46.dir/feature_tests.c.o   -c /home/gunshi/Downloads/MultiRobot/slam/cair/build/CMakeFiles/feature_tests.c
Linking C executable cmTC_d6a46
/usr/bin/cmake -E cmake_link_script CMakeFiles/cmTC_d6a46.dir/link.txt --verbose=1
/usr/bin/cc       CMakeFiles/cmTC_d6a46.dir/feature_tests.c.o  -o cmTC_d6a46 -rdynamic 
make[1]: Leaving directory '/home/gunshi/Downloads/MultiRobot/slam/cair/build/CMakeFiles/CMakeTmp'


    Feature record: C_FEATURE:1c_function_prototypes
    Feature record: C_FEATURE:1c_restrict
    Feature record: C_FEATURE:1c_static_assert
    Feature record: C_FEATURE:1c_variadic_macros


Detecting C [-std=c99] compiler features compiled with the following output:
Change Dir: /home/gunshi/Downloads/MultiRobot/slam/cair/build/CMakeFiles/CMakeTmp

Run Build Command:"/usr/bin/make" "cmTC_bd3bb/fast"
/usr/bin/make -f CMakeFiles/cmTC_bd3bb.dir/build.make CMakeFiles/cmTC_bd3bb.dir/build
make[1]: Entering directory '/home/gunshi/Downloads/MultiRobot/slam/cair/build/CMakeFiles/CMakeTmp'
Building C object CMakeFiles/cmTC_bd3bb.dir/feature_tests.c.o
/usr/bin/cc    -std=c99 -o CMakeFiles/cmTC_bd3bb.dir/feature_tests.c.o   -c /home/gunshi/Downloads/MultiRobot/slam/cair/build/CMakeFiles/feature_tests.c
Linking C executable cmTC_bd3bb
/usr/bin/cmake -E cmake_link_script CMakeFiles/cmTC_bd3bb.dir/link.txt --verbose=1
/usr/bin/cc       CMakeFiles/cmTC_bd3bb.dir/feature_tests.c.o  -o cmTC_bd3bb -rdynamic 
make[1]: Leaving directory '/home/gunshi/Downloads/MultiRobot/slam/cair/build/CMakeFiles/CMakeTmp'


    Feature record: C_FEATURE:1c_function_prototypes
    Feature record: C_FEATURE:1c_restrict
    Feature record: C_FEATURE:0c_static_assert
    Feature record: C_FEATURE:1c_variadic_macros


Detecting C [-std=c90] compiler features compiled with the following output:
Change Dir: /home/gunshi/Downloads/MultiRobot/slam/cair/build/CMakeFiles/CMakeTmp

Run Build Command:"/usr/bin/make" "cmTC_f517f/fast"
/usr/bin/make -f CMakeFiles/cmTC_f517f.dir/build.make CMakeFiles/cmTC_f517f.dir/build
make[1]: Entering directory '/home/gunshi/Downloads/MultiRobot/slam/cair/build/CMakeFiles/CMakeTmp'
Building C object CMakeFiles/cmTC_f517f.dir/feature_tests.c.o
/usr/bin/cc    -std=c90 -o CMakeFiles/cmTC_f517f.dir/feature_tests.c.o   -c /home/gunshi/Downloads/MultiRobot/slam/cair/build/CMakeFiles/feature_tests.c
Linking C executable cmTC_f517f
/usr/bin/cmake -E cmake_link_script CMakeFiles/cmTC_f517f.dir/link.txt --verbose=1
/usr/bin/cc       CMakeFiles/cmTC_f517f.dir/feature_tests.c.o  -o cmTC_f517f -rdynamic 
make[1]: Leaving directory '/home/gunshi/Downloads/MultiRobot/slam/cair/build/CMakeFiles/CMakeTmp'


    Feature record: C_FEATURE:1c_function_prototypes
    Feature record: C_FEATURE:0c_restrict
    Feature record: C_FEATURE:0c_static_assert
    Feature record: C_FEATURE:0c_variadic_macros
Determining if the CXX compiler works passed with the following output:
Change Dir: /home/gunshi/Downloads/MultiRobot/slam/cair/build/CMakeFiles/CMakeTmp

Run Build Command:"/usr/bin/make" "cmTC_7db81/fast"
/usr/bin/make -f CMakeFiles/cmTC_7db81.dir/build.make CMakeFiles/cmTC_7db81.dir/build
make[1]: Entering directory '/home/gunshi/Downloads/MultiRobot/slam/cair/build/CMakeFiles/CMakeTmp'
Building CXX object CMakeFiles/cmTC_7db81.dir/testCXXCompiler.cxx.o
/usr/bin/c++      -o CMakeFiles/cmTC_7db81.dir/testCXXCompiler.cxx.o -c /home/gunshi/Downloads/MultiRobot/slam/cair/build/CMakeFiles/CMakeTmp/testCXXCompiler.cxx
Linking CXX executable cmTC_7db81
/usr/bin/cmake -E cmake_link_script CMakeFiles/cmTC_7db81.dir/link.txt --verbose=1
/usr/bin/c++        CMakeFiles/cmTC_7db81.dir/testCXXCompiler.cxx.o  -o cmTC_7db81 -rdynamic 
make[1]: Leaving directory '/home/gunshi/Downloads/MultiRobot/slam/cair/build/CMakeFiles/CMakeTmp'


Detecting CXX compiler ABI info compiled with the following output:
Change Dir: /home/gunshi/Downloads/MultiRobot/slam/cair/build/CMakeFiles/CMakeTmp

Run Build Command:"/usr/bin/make" "cmTC_8ac1f/fast"
/usr/bin/make -f CMakeFiles/cmTC_8ac1f.dir/build.make CMakeFiles/cmTC_8ac1f.dir/build
make[1]: Entering directory '/home/gunshi/Downloads/MultiRobot/slam/cair/build/CMakeFiles/CMakeTmp'
Building CXX object CMakeFiles/cmTC_8ac1f.dir/CMakeCXXCompilerABI.cpp.o
/usr/bin/c++      -o CMakeFiles/cmTC_8ac1f.dir/CMakeCXXCompilerABI.cpp.o -c /usr/share/cmake-3.5/Modules/CMakeCXXCompilerABI.cpp
Linking CXX executable cmTC_8ac1f
/usr/bin/cmake -E cmake_link_script CMakeFiles/cmTC_8ac1f.dir/link.txt --verbose=1
/usr/bin/c++       -v CMakeFiles/cmTC_8ac1f.dir/CMakeCXXCompilerABI.cpp.o  -o cmTC_8ac1f -rdynamic  
Using built-in specs.
COLLECT_GCC=/usr/bin/c++
COLLECT_LTO_WRAPPER=/usr/lib/gcc/x86_64-linux-gnu/5/lto-wrapper
Target: x86_64-linux-gnu
Configured with: ../src/configure -v --with-pkgversion='Ubuntu 5.4.0-6ubuntu1~16.04.4' --with-bugurl=file:///usr/share/doc/gcc-5/README.Bugs --enable-languages=c,ada,c++,java,go,d,fortran,objc,obj-c++ --prefix=/usr --program-suffix=-5 --enable-shared --enable-linker-build-id --libexecdir=/usr/lib --without-included-gettext --enable-threads=posix --libdir=/usr/lib --enable-nls --with-sysroot=/ --enable-clocale=gnu --enable-libstdcxx-debug --enable-libstdcxx-time=yes --with-default-libstdcxx-abi=new --enable-gnu-unique-object --disable-vtable-verify --enable-libmpx --enable-plugin --with-system-zlib --disable-browser-plugin --enable-java-awt=gtk --enable-gtk-cairo --with-java-home=/usr/lib/jvm/java-1.5.0-gcj-5-amd64/jre --enable-java-home --with-jvm-root-dir=/usr/lib/jvm/java-1.5.0-gcj-5-amd64 --with-jvm-jar-dir=/usr/lib/jvm-exports/java-1.5.0-gcj-5-amd64 --with-arch-directory=amd64 --with-ecj-jar=/usr/share/java/eclipse-ecj.jar --enable-objc-gc --enable-multiarch --disable-werror --with-arch-32=i686 --with-abi=m64 --with-multilib-list=m32,m64,mx32 --enable-multilib --with-tune=generic --enable-checking=release --build=x86_64-linux-gnu --host=x86_64-linux-gnu --target=x86_64-linux-gnu
Thread model: posix
gcc version 5.4.0 20160609 (Ubuntu 5.4.0-6ubuntu1~16.04.4) 
COMPILER_PATH=/usr/lib/gcc/x86_64-linux-gnu/5/:/usr/lib/gcc/x86_64-linux-gnu/5/:/usr/lib/gcc/x86_64-linux-gnu/:/usr/lib/gcc/x86_64-linux-gnu/5/:/usr/lib/gcc/x86_64-linux-gnu/
LIBRARY_PATH=/usr/lib/gcc/x86_64-linux-gnu/5/:/usr/lib/gcc/x86_64-linux-gnu/5/../../../x86_64-linux-gnu/:/usr/lib/gcc/x86_64-linux-gnu/5/../../../../lib/:/lib/x86_64-linux-gnu/:/lib/../lib/:/usr/lib/x86_64-linux-gnu/:/usr/lib/../lib/:/usr/lib/gcc/x86_64-linux-gnu/5/../../../:/lib/:/usr/lib/
COLLECT_GCC_OPTIONS='-v' '-o' 'cmTC_8ac1f' '-rdynamic' '-shared-libgcc' '-mtune=generic' '-march=x86-64'
 /usr/lib/gcc/x86_64-linux-gnu/5/collect2 -plugin /usr/lib/gcc/x86_64-linux-gnu/5/liblto_plugin.so -plugin-opt=/usr/lib/gcc/x86_64-linux-gnu/5/lto-wrapper -plugin-opt=-fresolution=/tmp/ccVzgUfZ.res -plugin-opt=-pass-through=-lgcc_s -plugin-opt=-pass-through=-lgcc -plugin-opt=-pass-through=-lc -plugin-opt=-pass-through=-lgcc_s -plugin-opt=-pass-through=-lgcc --sysroot=/ --build-id --eh-frame-hdr -m elf_x86_64 --hash-style=gnu --as-needed -export-dynamic -dynamic-linker /lib64/ld-linux-x86-64.so.2 -z relro -o cmTC_8ac1f /usr/lib/gcc/x86_64-linux-gnu/5/../../../x86_64-linux-gnu/crt1.o /usr/lib/gcc/x86_64-linux-gnu/5/../../../x86_64-linux-gnu/crti.o /usr/lib/gcc/x86_64-linux-gnu/5/crtbegin.o -L/usr/lib/gcc/x86_64-linux-gnu/5 -L/usr/lib/gcc/x86_64-linux-gnu/5/../../../x86_64-linux-gnu -L/usr/lib/gcc/x86_64-linux-gnu/5/../../../../lib -L/lib/x86_64-linux-gnu -L/lib/../lib -L/usr/lib/x86_64-linux-gnu -L/usr/lib/../lib -L/usr/lib/gcc/x86_64-linux-gnu/5/../../.. CMakeFiles/cmTC_8ac1f.dir/CMakeCXXCompilerABI.cpp.o -lstdc++ -lm -lgcc_s -lgcc -lc -lgcc_s -lgcc /usr/lib/gcc/x86_64-linux-gnu/5/crtend.o /usr/lib/gcc/x86_64-linux-gnu/5/../../../x86_64-linux-gnu/crtn.o
make[1]: Leaving directory '/home/gunshi/Downloads/MultiRobot/slam/cair/build/CMakeFiles/CMakeTmp'


Parsed CXX implicit link information from above output:
  link line regex: [^( *|.*[/\])(ld|([^/\]+-)?ld|collect2)[^/\]*( |$)]
  ignore line: [Change Dir: /home/gunshi/Downloads/MultiRobot/slam/cair/build/CMakeFiles/CMakeTmp]
  ignore line: []
  ignore line: [Run Build Command:"/usr/bin/make" "cmTC_8ac1f/fast"]
  ignore line: [/usr/bin/make -f CMakeFiles/cmTC_8ac1f.dir/build.make CMakeFiles/cmTC_8ac1f.dir/build]
  ignore line: [make[1]: Entering directory '/home/gunshi/Downloads/MultiRobot/slam/cair/build/CMakeFiles/CMakeTmp']
  ignore line: [Building CXX object CMakeFiles/cmTC_8ac1f.dir/CMakeCXXCompilerABI.cpp.o]
  ignore line: [/usr/bin/c++      -o CMakeFiles/cmTC_8ac1f.dir/CMakeCXXCompilerABI.cpp.o -c /usr/share/cmake-3.5/Modules/CMakeCXXCompilerABI.cpp]
  ignore line: [Linking CXX executable cmTC_8ac1f]
  ignore line: [/usr/bin/cmake -E cmake_link_script CMakeFiles/cmTC_8ac1f.dir/link.txt --verbose=1]
  ignore line: [/usr/bin/c++       -v CMakeFiles/cmTC_8ac1f.dir/CMakeCXXCompilerABI.cpp.o  -o cmTC_8ac1f -rdynamic  ]
  ignore line: [Using built-in specs.]
  ignore line: [COLLECT_GCC=/usr/bin/c++]
  ignore line: [COLLECT_LTO_WRAPPER=/usr/lib/gcc/x86_64-linux-gnu/5/lto-wrapper]
  ignore line: [Target: x86_64-linux-gnu]
  ignore line: [Configured with: ../src/configure -v --with-pkgversion='Ubuntu 5.4.0-6ubuntu1~16.04.4' --with-bugurl=file:///usr/share/doc/gcc-5/README.Bugs --enable-languages=c,ada,c++,java,go,d,fortran,objc,obj-c++ --prefix=/usr --program-suffix=-5 --enable-shared --enable-linker-build-id --libexecdir=/usr/lib --without-included-gettext --enable-threads=posix --libdir=/usr/lib --enable-nls --with-sysroot=/ --enable-clocale=gnu --enable-libstdcxx-debug --enable-libstdcxx-time=yes --with-default-libstdcxx-abi=new --enable-gnu-unique-object --disable-vtable-verify --enable-libmpx --enable-plugin --with-system-zlib --disable-browser-plugin --enable-java-awt=gtk --enable-gtk-cairo --with-java-home=/usr/lib/jvm/java-1.5.0-gcj-5-amd64/jre --enable-java-home --with-jvm-root-dir=/usr/lib/jvm/java-1.5.0-gcj-5-amd64 --with-jvm-jar-dir=/usr/lib/jvm-exports/java-1.5.0-gcj-5-amd64 --with-arch-directory=amd64 --with-ecj-jar=/usr/share/java/eclipse-ecj.jar --enable-objc-gc --enable-multiarch --disable-werror --with-arch-32=i686 --with-abi=m64 --with-multilib-list=m32,m64,mx32 --enable-multilib --with-tune=generic --enable-checking=release --build=x86_64-linux-gnu --host=x86_64-linux-gnu --target=x86_64-linux-gnu]
  ignore line: [Thread model: posix]
  ignore line: [gcc version 5.4.0 20160609 (Ubuntu 5.4.0-6ubuntu1~16.04.4) ]
  ignore line: [COMPILER_PATH=/usr/lib/gcc/x86_64-linux-gnu/5/:/usr/lib/gcc/x86_64-linux-gnu/5/:/usr/lib/gcc/x86_64-linux-gnu/:/usr/lib/gcc/x86_64-linux-gnu/5/:/usr/lib/gcc/x86_64-linux-gnu/]
  ignore line: [LIBRARY_PATH=/usr/lib/gcc/x86_64-linux-gnu/5/:/usr/lib/gcc/x86_64-linux-gnu/5/../../../x86_64-linux-gnu/:/usr/lib/gcc/x86_64-linux-gnu/5/../../../../lib/:/lib/x86_64-linux-gnu/:/lib/../lib/:/usr/lib/x86_64-linux-gnu/:/usr/lib/../lib/:/usr/lib/gcc/x86_64-linux-gnu/5/../../../:/lib/:/usr/lib/]
  ignore line: [COLLECT_GCC_OPTIONS='-v' '-o' 'cmTC_8ac1f' '-rdynamic' '-shared-libgcc' '-mtune=generic' '-march=x86-64']
  link line: [ /usr/lib/gcc/x86_64-linux-gnu/5/collect2 -plugin /usr/lib/gcc/x86_64-linux-gnu/5/liblto_plugin.so -plugin-opt=/usr/lib/gcc/x86_64-linux-gnu/5/lto-wrapper -plugin-opt=-fresolution=/tmp/ccVzgUfZ.res -plugin-opt=-pass-through=-lgcc_s -plugin-opt=-pass-through=-lgcc -plugin-opt=-pass-through=-lc -plugin-opt=-pass-through=-lgcc_s -plugin-opt=-pass-through=-lgcc --sysroot=/ --build-id --eh-frame-hdr -m elf_x86_64 --hash-style=gnu --as-needed -export-dynamic -dynamic-linker /lib64/ld-linux-x86-64.so.2 -z relro -o cmTC_8ac1f /usr/lib/gcc/x86_64-linux-gnu/5/../../../x86_64-linux-gnu/crt1.o /usr/lib/gcc/x86_64-linux-gnu/5/../../../x86_64-linux-gnu/crti.o /usr/lib/gcc/x86_64-linux-gnu/5/crtbegin.o -L/usr/lib/gcc/x86_64-linux-gnu/5 -L/usr/lib/gcc/x86_64-linux-gnu/5/../../../x86_64-linux-gnu -L/usr/lib/gcc/x86_64-linux-gnu/5/../../../../lib -L/lib/x86_64-linux-gnu -L/lib/../lib -L/usr/lib/x86_64-linux-gnu -L/usr/lib/../lib -L/usr/lib/gcc/x86_64-linux-gnu/5/../../.. CMakeFiles/cmTC_8ac1f.dir/CMakeCXXCompilerABI.cpp.o -lstdc++ -lm -lgcc_s -lgcc -lc -lgcc_s -lgcc /usr/lib/gcc/x86_64-linux-gnu/5/crtend.o /usr/lib/gcc/x86_64-linux-gnu/5/../../../x86_64-linux-gnu/crtn.o]
    arg [/usr/lib/gcc/x86_64-linux-gnu/5/collect2] ==> ignore
    arg [-plugin] ==> ignore
    arg [/usr/lib/gcc/x86_64-linux-gnu/5/liblto_plugin.so] ==> ignore
    arg [-plugin-opt=/usr/lib/gcc/x86_64-linux-gnu/5/lto-wrapper] ==> ignore
    arg [-plugin-opt=-fresolution=/tmp/ccVzgUfZ.res] ==> ignore
    arg [-plugin-opt=-pass-through=-lgcc_s] ==> ignore
    arg [-plugin-opt=-pass-through=-lgcc] ==> ignore
    arg [-plugin-opt=-pass-through=-lc] ==> ignore
    arg [-plugin-opt=-pass-through=-lgcc_s] ==> ignore
    arg [-plugin-opt=-pass-through=-lgcc] ==> ignore
    arg [--sysroot=/] ==> ignore
    arg [--build-id] ==> ignore
    arg [--eh-frame-hdr] ==> ignore
    arg [-m] ==> ignore
    arg [elf_x86_64] ==> ignore
    arg [--hash-style=gnu] ==> ignore
    arg [--as-needed] ==> ignore
    arg [-export-dynamic] ==> ignore
    arg [-dynamic-linker] ==> ignore
    arg [/lib64/ld-linux-x86-64.so.2] ==> ignore
    arg [-zrelro] ==> ignore
    arg [-o] ==> ignore
    arg [cmTC_8ac1f] ==> ignore
    arg [/usr/lib/gcc/x86_64-linux-gnu/5/../../../x86_64-linux-gnu/crt1.o] ==> ignore
    arg [/usr/lib/gcc/x86_64-linux-gnu/5/../../../x86_64-linux-gnu/crti.o] ==> ignore
    arg [/usr/lib/gcc/x86_64-linux-gnu/5/crtbegin.o] ==> ignore
    arg [-L/usr/lib/gcc/x86_64-linux-gnu/5] ==> dir [/usr/lib/gcc/x86_64-linux-gnu/5]
    arg [-L/usr/lib/gcc/x86_64-linux-gnu/5/../../../x86_64-linux-gnu] ==> dir [/usr/lib/gcc/x86_64-linux-gnu/5/../../../x86_64-linux-gnu]
    arg [-L/usr/lib/gcc/x86_64-linux-gnu/5/../../../../lib] ==> dir [/usr/lib/gcc/x86_64-linux-gnu/5/../../../../lib]
    arg [-L/lib/x86_64-linux-gnu] ==> dir [/lib/x86_64-linux-gnu]
    arg [-L/lib/../lib] ==> dir [/lib/../lib]
    arg [-L/usr/lib/x86_64-linux-gnu] ==> dir [/usr/lib/x86_64-linux-gnu]
    arg [-L/usr/lib/../lib] ==> dir [/usr/lib/../lib]
    arg [-L/usr/lib/gcc/x86_64-linux-gnu/5/../../..] ==> dir [/usr/lib/gcc/x86_64-linux-gnu/5/../../..]
    arg [CMakeFiles/cmTC_8ac1f.dir/CMakeCXXCompilerABI.cpp.o] ==> ignore
    arg [-lstdc++] ==> lib [stdc++]
    arg [-lm] ==> lib [m]
    arg [-lgcc_s] ==> lib [gcc_s]
    arg [-lgcc] ==> lib [gcc]
    arg [-lc] ==> lib [c]
    arg [-lgcc_s] ==> lib [gcc_s]
    arg [-lgcc] ==> lib [gcc]
    arg [/usr/lib/gcc/x86_64-linux-gnu/5/crtend.o] ==> ignore
    arg [/usr/lib/gcc/x86_64-linux-gnu/5/../../../x86_64-linux-gnu/crtn.o] ==> ignore
  remove lib [gcc_s]
  remove lib [gcc]
  remove lib [gcc_s]
  remove lib [gcc]
  collapse library dir [/usr/lib/gcc/x86_64-linux-gnu/5] ==> [/usr/lib/gcc/x86_64-linux-gnu/5]
  collapse library dir [/usr/lib/gcc/x86_64-linux-gnu/5/../../../x86_64-linux-gnu] ==> [/usr/lib/x86_64-linux-gnu]
  collapse library dir [/usr/lib/gcc/x86_64-linux-gnu/5/../../../../lib] ==> [/usr/lib]
  collapse library dir [/lib/x86_64-linux-gnu] ==> [/lib/x86_64-linux-gnu]
  collapse library dir [/lib/../lib] ==> [/lib]
  collapse library dir [/usr/lib/x86_64-linux-gnu] ==> [/usr/lib/x86_64-linux-gnu]
  collapse library dir [/usr/lib/../lib] ==> [/usr/lib]
  collapse library dir [/usr/lib/gcc/x86_64-linux-gnu/5/../../..] ==> [/usr/lib]
  implicit libs: [stdc++;m;c]
  implicit dirs: [/usr/lib/gcc/x86_64-linux-gnu/5;/usr/lib/x86_64-linux-gnu;/usr/lib;/lib/x86_64-linux-gnu;/lib]
  implicit fwks: []




Detecting CXX [-std=c++14] compiler features compiled with the following output:
Change Dir: /home/gunshi/Downloads/MultiRobot/slam/cair/build/CMakeFiles/CMakeTmp

Run Build Command:"/usr/bin/make" "cmTC_96554/fast"
/usr/bin/make -f CMakeFiles/cmTC_96554.dir/build.make CMakeFiles/cmTC_96554.dir/build
make[1]: Entering directory '/home/gunshi/Downloads/MultiRobot/slam/cair/build/CMakeFiles/CMakeTmp'
Building CXX object CMakeFiles/cmTC_96554.dir/feature_tests.cxx.o
/usr/bin/c++     -std=c++14 -o CMakeFiles/cmTC_96554.dir/feature_tests.cxx.o -c /home/gunshi/Downloads/MultiRobot/slam/cair/build/CMakeFiles/feature_tests.cxx
Linking CXX executable cmTC_96554
/usr/bin/cmake -E cmake_link_script CMakeFiles/cmTC_96554.dir/link.txt --verbose=1
/usr/bin/c++        CMakeFiles/cmTC_96554.dir/feature_tests.cxx.o  -o cmTC_96554 -rdynamic 
make[1]: Leaving directory '/home/gunshi/Downloads/MultiRobot/slam/cair/build/CMakeFiles/CMakeTmp'


    Feature record: CXX_FEATURE:1cxx_aggregate_default_initializers
    Feature record: CXX_FEATURE:1cxx_alias_templates
    Feature record: CXX_FEATURE:1cxx_alignas
    Feature record: CXX_FEATURE:1cxx_alignof
    Feature record: CXX_FEATURE:1cxx_attributes
    Feature record: CXX_FEATURE:1cxx_attribute_deprecated
    Feature record: CXX_FEATURE:1cxx_auto_type
    Feature record: CXX_FEATURE:1cxx_binary_literals
    Feature record: CXX_FEATURE:1cxx_constexpr
    Feature record: CXX_FEATURE:1cxx_contextual_conversions
    Feature record: CXX_FEATURE:1cxx_decltype
    Feature record: CXX_FEATURE:1cxx_decltype_auto
    Feature record: CXX_FEATURE:1cxx_decltype_incomplete_return_types
    Feature record: CXX_FEATURE:1cxx_default_function_template_args
    Feature record: CXX_FEATURE:1cxx_defaulted_functions
    Feature record: CXX_FEATURE:1cxx_defaulted_move_initializers
    Feature record: CXX_FEATURE:1cxx_delegating_constructors
    Feature record: CXX_FEATURE:1cxx_deleted_functions
    Feature record: CXX_FEATURE:1cxx_digit_separators
    Feature record: CXX_FEATURE:1cxx_enum_forward_declarations
    Feature record: CXX_FEATURE:1cxx_explicit_conversions
    Feature record: CXX_FEATURE:1cxx_extended_friend_declarations
    Feature record: CXX_FEATURE:1cxx_extern_templates
    Feature record: CXX_FEATURE:1cxx_final
    Feature record: CXX_FEATURE:1cxx_func_identifier
    Feature record: CXX_FEATURE:1cxx_generalized_initializers
    Feature record: CXX_FEATURE:1cxx_generic_lambdas
    Feature record: CXX_FEATURE:1cxx_inheriting_constructors
    Feature record: CXX_FEATURE:1cxx_inline_namespaces
    Feature record: CXX_FEATURE:1cxx_lambdas
    Feature record: CXX_FEATURE:1cxx_lambda_init_captures
    Feature record: CXX_FEATURE:1cxx_local_type_template_args
    Feature record: CXX_FEATURE:1cxx_long_long_type
    Feature record: CXX_FEATURE:1cxx_noexcept
    Feature record: CXX_FEATURE:1cxx_nonstatic_member_init
    Feature record: CXX_FEATURE:1cxx_nullptr
    Feature record: CXX_FEATURE:1cxx_override
    Feature record: CXX_FEATURE:1cxx_range_for
    Feature record: CXX_FEATURE:1cxx_raw_string_literals
    Feature record: CXX_FEATURE:1cxx_reference_qualified_functions
    Feature record: CXX_FEATURE:1cxx_relaxed_constexpr
    Feature record: CXX_FEATURE:1cxx_return_type_deduction
    Feature record: CXX_FEATURE:1cxx_right_angle_brackets
    Feature record: CXX_FEATURE:1cxx_rvalue_references
    Feature record: CXX_FEATURE:1cxx_sizeof_member
    Feature record: CXX_FEATURE:1cxx_static_assert
    Feature record: CXX_FEATURE:1cxx_strong_enums
    Feature record: CXX_FEATURE:1cxx_template_template_parameters
    Feature record: CXX_FEATURE:1cxx_thread_local
    Feature record: CXX_FEATURE:1cxx_trailing_return_types
    Feature record: CXX_FEATURE:1cxx_unicode_literals
    Feature record: CXX_FEATURE:1cxx_uniform_initialization
    Feature record: CXX_FEATURE:1cxx_unrestricted_unions
    Feature record: CXX_FEATURE:1cxx_user_literals
    Feature record: CXX_FEATURE:1cxx_variable_templates
    Feature record: CXX_FEATURE:1cxx_variadic_macros
    Feature record: CXX_FEATURE:1cxx_variadic_templates


Detecting CXX [-std=c++11] compiler features compiled with the following output:
Change Dir: /home/gunshi/Downloads/MultiRobot/slam/cair/build/CMakeFiles/CMakeTmp

Run Build Command:"/usr/bin/make" "cmTC_163a7/fast"
/usr/bin/make -f CMakeFiles/cmTC_163a7.dir/build.make CMakeFiles/cmTC_163a7.dir/build
make[1]: Entering directory '/home/gunshi/Downloads/MultiRobot/slam/cair/build/CMakeFiles/CMakeTmp'
Building CXX object CMakeFiles/cmTC_163a7.dir/feature_tests.cxx.o
/usr/bin/c++     -std=c++11 -o CMakeFiles/cmTC_163a7.dir/feature_tests.cxx.o -c /home/gunshi/Downloads/MultiRobot/slam/cair/build/CMakeFiles/feature_tests.cxx
Linking CXX executable cmTC_163a7
/usr/bin/cmake -E cmake_link_script CMakeFiles/cmTC_163a7.dir/link.txt --verbose=1
/usr/bin/c++        CMakeFiles/cmTC_163a7.dir/feature_tests.cxx.o  -o cmTC_163a7 -rdynamic 
make[1]: Leaving directory '/home/gunshi/Downloads/MultiRobot/slam/cair/build/CMakeFiles/CMakeTmp'


    Feature record: CXX_FEATURE:0cxx_aggregate_default_initializers
    Feature record: CXX_FEATURE:1cxx_alias_templates
    Feature record: CXX_FEATURE:1cxx_alignas
    Feature record: CXX_FEATURE:1cxx_alignof
    Feature record: CXX_FEATURE:1cxx_attributes
    Feature record: CXX_FEATURE:0cxx_attribute_deprecated
    Feature record: CXX_FEATURE:1cxx_auto_type
    Feature record: CXX_FEATURE:0cxx_binary_literals
    Feature record: CXX_FEATURE:1cxx_constexpr
    Feature record: CXX_FEATURE:0cxx_contextual_conversions
    Feature record: CXX_FEATURE:1cxx_decltype
    Feature record: CXX_FEATURE:0cxx_decltype_auto
    Feature record: CXX_FEATURE:1cxx_decltype_incomplete_return_types
    Feature record: CXX_FEATURE:1cxx_default_function_template_args
    Feature record: CXX_FEATURE:1cxx_defaulted_functions
    Feature record: CXX_FEATURE:1cxx_defaulted_move_initializers
    Feature record: CXX_FEATURE:1cxx_delegating_constructors
    Feature record: CXX_FEATURE:1cxx_deleted_functions
    Feature record: CXX_FEATURE:0cxx_digit_separators
    Feature record: CXX_FEATURE:1cxx_enum_forward_declarations
    Feature record: CXX_FEATURE:1cxx_explicit_conversions
    Feature record: CXX_FEATURE:1cxx_extended_friend_declarations
    Feature record: CXX_FEATURE:1cxx_extern_templates
    Feature record: CXX_FEATURE:1cxx_final
    Feature record: CXX_FEATURE:1cxx_func_identifier
    Feature record: CXX_FEATURE:1cxx_generalized_initializers
    Feature record: CXX_FEATURE:0cxx_generic_lambdas
    Feature record: CXX_FEATURE:1cxx_inheriting_constructors
    Feature record: CXX_FEATURE:1cxx_inline_namespaces
    Feature record: CXX_FEATURE:1cxx_lambdas
    Feature record: CXX_FEATURE:0cxx_lambda_init_captures
    Feature record: CXX_FEATURE:1cxx_local_type_template_args
    Feature record: CXX_FEATURE:1cxx_long_long_type
    Feature record: CXX_FEATURE:1cxx_noexcept
    Feature record: CXX_FEATURE:1cxx_nonstatic_member_init
    Feature record: CXX_FEATURE:1cxx_nullptr
    Feature record: CXX_FEATURE:1cxx_override
    Feature record: CXX_FEATURE:1cxx_range_for
    Feature record: CXX_FEATURE:1cxx_raw_string_literals
    Feature record: CXX_FEATURE:1cxx_reference_qualified_functions
    Feature record: CXX_FEATURE:0cxx_relaxed_constexpr
    Feature record: CXX_FEATURE:0cxx_return_type_deduction
    Feature record: CXX_FEATURE:1cxx_right_angle_brackets
    Feature record: CXX_FEATURE:1cxx_rvalue_references
    Feature record: CXX_FEATURE:1cxx_sizeof_member
    Feature record: CXX_FEATURE:1cxx_static_assert
    Feature record: CXX_FEATURE:1cxx_strong_enums
    Feature record: CXX_FEATURE:1cxx_template_template_parameters
    Feature record: CXX_FEATURE:1cxx_thread_local
    Feature record: CXX_FEATURE:1cxx_trailing_return_types
    Feature record: CXX_FEATURE:1cxx_unicode_literals
    Feature record: CXX_FEATURE:1cxx_uniform_initialization
    Feature record: CXX_FEATURE:1cxx_unrestricted_unions
    Feature record: CXX_FEATURE:1cxx_user_literals
    Feature record: CXX_FEATURE:0cxx_variable_templates
    Feature record: CXX_FEATURE:1cxx_variadic_macros
    Feature record: CXX_FEATURE:1cxx_variadic_templates


Detecting CXX [-std=c++98] compiler features compiled with the following output:
Change Dir: /home/gunshi/Downloads/MultiRobot/slam/cair/build/CMakeFiles/CMakeTmp

Run Build Command:"/usr/bin/make" "cmTC_e812b/fast"
/usr/bin/make -f CMakeFiles/cmTC_e812b.dir/build.make CMakeFiles/cmTC_e812b.dir/build
make[1]: Entering directory '/home/gunshi/Downloads/MultiRobot/slam/cair/build/CMakeFiles/CMakeTmp'
Building CXX object CMakeFiles/cmTC_e812b.dir/feature_tests.cxx.o
/usr/bin/c++     -std=c++98 -o CMakeFiles/cmTC_e812b.dir/feature_tests.cxx.o -c /home/gunshi/Downloads/MultiRobot/slam/cair/build/CMakeFiles/feature_tests.cxx
Linking CXX executable cmTC_e812b
/usr/bin/cmake -E cmake_link_script CMakeFiles/cmTC_e812b.dir/link.txt --verbose=1
/usr/bin/c++        CMakeFiles/cmTC_e812b.dir/feature_tests.cxx.o  -o cmTC_e812b -rdynamic 
make[1]: Leaving directory '/home/gunshi/Downloads/MultiRobot/slam/cair/build/CMakeFiles/CMakeTmp'


    Feature record: CXX_FEATURE:0cxx_aggregate_default_initializers
    Feature record: CXX_FEATURE:0cxx_alias_templates
    Feature record: CXX_FEATURE:0cxx_alignas
    Feature record: CXX_FEATURE:0cxx_alignof
    Feature record: CXX_FEATURE:0cxx_attributes
    Feature record: CXX_FEATURE:0cxx_attribute_deprecated
    Feature record: CXX_FEATURE:0cxx_auto_type
    Feature record: CXX_FEATURE:0cxx_binary_literals
    Feature record: CXX_FEATURE:0cxx_constexpr
    Feature record: CXX_FEATURE:0cxx_contextual_conversions
    Feature record: CXX_FEATURE:0cxx_decltype
    Feature record: CXX_FEATURE:0cxx_decltype_auto
    Feature record: CXX_FEATURE:0cxx_decltype_incomplete_return_types
    Feature record: CXX_FEATURE:0cxx_default_function_template_args
    Feature record: CXX_FEATURE:0cxx_defaulted_functions
    Feature record: CXX_FEATURE:0cxx_defaulted_move_initializers
    Feature record: CXX_FEATURE:0cxx_delegating_constructors
    Feature record: CXX_FEATURE:0cxx_deleted_functions
    Feature record: CXX_FEATURE:0cxx_digit_separators
    Feature record: CXX_FEATURE:0cxx_enum_forward_declarations
    Feature record: CXX_FEATURE:0cxx_explicit_conversions
    Feature record: CXX_FEATURE:0cxx_extended_friend_declarations
    Feature record: CXX_FEATURE:0cxx_extern_templates
    Feature record: CXX_FEATURE:0cxx_final
    Feature record: CXX_FEATURE:0cxx_func_identifier
    Feature record: CXX_FEATURE:0cxx_generalized_initializers
    Feature record: CXX_FEATURE:0cxx_generic_lambdas
    Feature record: CXX_FEATURE:0cxx_inheriting_constructors
    Feature record: CXX_FEATURE:0cxx_inline_namespaces
    Feature record: CXX_FEATURE:0cxx_lambdas
    Feature record: CXX_FEATURE:0cxx_lambda_init_captures
    Feature record: CXX_FEATURE:0cxx_local_type_template_args
    Feature record: CXX_FEATURE:0cxx_long_long_type
    Feature record: CXX_FEATURE:0cxx_noexcept
    Feature record: CXX_FEATURE:0cxx_nonstatic_member_init
    Feature record: CXX_FEATURE:0cxx_nullptr
    Feature record: CXX_FEATURE:0cxx_override
    Feature record: CXX_FEATURE:0cxx_range_for
    Feature record: CXX_FEATURE:0cxx_raw_string_literals
    Feature record: CXX_FEATURE:0cxx_reference_qualified_functions
    Feature record: CXX_FEATURE:0cxx_relaxed_constexpr
    Feature record: CXX_FEATURE:0cxx_return_type_deduction
    Feature record: CXX_FEATURE:0cxx_right_angle_brackets
    Feature record: CXX_FEATURE:0cxx_rvalue_references
    Feature record: CXX_FEATURE:0cxx_sizeof_member
    Feature record: CXX_FEATURE:0cxx_static_assert
    Feature record: CXX_FEATURE:0cxx_strong_enums
    Feature record: CXX_FEATURE:1cxx_template_template_parameters
    Feature record: CXX_FEATURE:0cxx_thread_local
    Feature record: CXX_FEATURE:0cxx_trailing_return_types
    Feature record: CXX_FEATURE:0cxx_unicode_literals
    Feature record: CXX_FEATURE:0cxx_uniform_initialization
    Feature record: CXX_FEATURE:0cxx_unrestricted_unions
    Feature record: CXX_FEATURE:0cxx_user_literals
    Feature record: CXX_FEATURE:0cxx_variable_templates
    Feature record: CXX_FEATURE:0cxx_variadic_macros
    Feature record: CXX_FEATURE:0cxx_variadic_templates
Determining if the function sgemm_ exists passed with the following output:
Change Dir: /home/gunshi/Downloads/MultiRobot/slam/cair/build/CMakeFiles/CMakeTmp

Run Build Command:"/usr/bin/make" "cmTC_46699/fast"
/usr/bin/make -f CMakeFiles/cmTC_46699.dir/build.make CMakeFiles/cmTC_46699.dir/build
make[1]: Entering directory '/home/gunshi/Downloads/MultiRobot/slam/cair/build/CMakeFiles/CMakeTmp'
Building C object CMakeFiles/cmTC_46699.dir/CheckFunctionExists.c.o
/usr/bin/cc  -DBLAS_USE_F2C  -DCHECK_FUNCTION_EXISTS=sgemm_   -o CMakeFiles/cmTC_46699.dir/CheckFunctionExists.c.o   -c /usr/share/cmake-3.5/Modules/CheckFunctionExists.c
Linking C executable cmTC_46699
/usr/bin/cmake -E cmake_link_script CMakeFiles/cmTC_46699.dir/link.txt --verbose=1
/usr/bin/cc   -DCHECK_FUNCTION_EXISTS=sgemm_    CMakeFiles/cmTC_46699.dir/CheckFunctionExists.c.o  -o cmTC_46699 -rdynamic /usr/lib/libblas.so 
make[1]: Leaving directory '/home/gunshi/Downloads/MultiRobot/slam/cair/build/CMakeFiles/CMakeTmp'


Determining if the function cheev_ exists passed with the following output:
Change Dir: /home/gunshi/Downloads/MultiRobot/slam/cair/build/CMakeFiles/CMakeTmp

Run Build Command:"/usr/bin/make" "cmTC_ab601/fast"
/usr/bin/make -f CMakeFiles/cmTC_ab601.dir/build.make CMakeFiles/cmTC_ab601.dir/build
make[1]: Entering directory '/home/gunshi/Downloads/MultiRobot/slam/cair/build/CMakeFiles/CMakeTmp'
Building C object CMakeFiles/cmTC_ab601.dir/CheckFunctionExists.c.o
/usr/bin/cc  -DLAPACK_USE_F2C  -DCHECK_FUNCTION_EXISTS=cheev_   -o CMakeFiles/cmTC_ab601.dir/CheckFunctionExists.c.o   -c /usr/share/cmake-3.5/Modules/CheckFunctionExists.c
Linking C executable cmTC_ab601
/usr/bin/cmake -E cmake_link_script CMakeFiles/cmTC_ab601.dir/link.txt --verbose=1
/usr/bin/cc   -DCHECK_FUNCTION_EXISTS=cheev_    CMakeFiles/cmTC_ab601.dir/CheckFunctionExists.c.o  -o cmTC_ab601 -rdynamic /usr/lib/liblapack.so /usr/lib/libblas.so 
make[1]: Leaving directory '/home/gunshi/Downloads/MultiRobot/slam/cair/build/CMakeFiles/CMakeTmp'


Determining if the Q_WS_X11 exist passed with the following output:
Change Dir: /home/gunshi/Downloads/MultiRobot/slam/cair/build/CMakeFiles/CMakeTmp

Run Build Command:"/usr/bin/make" "cmTC_a9ee7/fast"
/usr/bin/make -f CMakeFiles/cmTC_a9ee7.dir/build.make CMakeFiles/cmTC_a9ee7.dir/build
make[1]: Entering directory '/home/gunshi/Downloads/MultiRobot/slam/cair/build/CMakeFiles/CMakeTmp'
Building CXX object CMakeFiles/cmTC_a9ee7.dir/CheckSymbolExists.cxx.o
/usr/bin/c++   -DLAPACK_USE_F2C -I/usr/include/qt4   -o CMakeFiles/cmTC_a9ee7.dir/CheckSymbolExists.cxx.o -c /home/gunshi/Downloads/MultiRobot/slam/cair/build/CMakeFiles/CMakeTmp/CheckSymbolExists.cxx
Linking CXX executable cmTC_a9ee7
/usr/bin/cmake -E cmake_link_script CMakeFiles/cmTC_a9ee7.dir/link.txt --verbose=1
/usr/bin/c++        CMakeFiles/cmTC_a9ee7.dir/CheckSymbolExists.cxx.o  -o cmTC_a9ee7 -rdynamic 
make[1]: Leaving directory '/home/gunshi/Downloads/MultiRobot/slam/cair/build/CMakeFiles/CMakeTmp'

File /home/gunshi/Downloads/MultiRobot/slam/cair/build/CMakeFiles/CMakeTmp/CheckSymbolExists.cxx:
/* */
#include <QtCore/qglobal.h>

int main(int argc, char** argv)
{
  (void)argv;
#ifndef Q_WS_X11
  return ((int*)(&Q_WS_X11))[argc];
#else
  (void)argc;
  return 0;
#endif
}

Performing C++ SOURCE FILE Test COMPILER_SUPPORTS_CXX11 succeeded with the following output:
Change Dir: /home/gunshi/Downloads/MultiRobot/slam/cair/build/CMakeFiles/CMakeTmp

Run Build Command:"/usr/bin/make" "cmTC_f8ff4/fast"
/usr/bin/make -f CMakeFiles/cmTC_f8ff4.dir/build.make CMakeFiles/cmTC_f8ff4.dir/build
make[1]: Entering directory '/home/gunshi/Downloads/MultiRobot/slam/cair/build/CMakeFiles/CMakeTmp'
Building CXX object CMakeFiles/cmTC_f8ff4.dir/src.cxx.o
/usr/bin/c++     -DCOMPILER_SUPPORTS_CXX11   -std=c++11 -o CMakeFiles/cmTC_f8ff4.dir/src.cxx.o -c /home/gunshi/Downloads/MultiRobot/slam/cair/build/CMakeFiles/CMakeTmp/src.cxx
Linking CXX executable cmTC_f8ff4
/usr/bin/cmake -E cmake_link_script CMakeFiles/cmTC_f8ff4.dir/link.txt --verbose=1
/usr/bin/c++    -DCOMPILER_SUPPORTS_CXX11    CMakeFiles/cmTC_f8ff4.dir/src.cxx.o  -o cmTC_f8ff4 -rdynamic 
make[1]: Leaving directory '/home/gunshi/Downloads/MultiRobot/slam/cair/build/CMakeFiles/CMakeTmp'

Source file was:
int main() { return 0; }
Performing C++ SOURCE FILE Test COMPILER_SUPPORTS_CXX0X succeeded with the following output:
Change Dir: /home/gunshi/Downloads/MultiRobot/slam/cair/build/CMakeFiles/CMakeTmp

Run Build Command:"/usr/bin/make" "cmTC_512be/fast"
/usr/bin/make -f CMakeFiles/cmTC_512be.dir/build.make CMakeFiles/cmTC_512be.dir/build
make[1]: Entering directory '/home/gunshi/Downloads/MultiRobot/slam/cair/build/CMakeFiles/CMakeTmp'
Building CXX object CMakeFiles/cmTC_512be.dir/src.cxx.o
/usr/bin/c++     -DCOMPILER_SUPPORTS_CXX0X   -std=c++0x -o CMakeFiles/cmTC_512be.dir/src.cxx.o -c /home/gunshi/Downloads/MultiRobot/slam/cair/build/CMakeFiles/CMakeTmp/src.cxx
Linking CXX executable cmTC_512be
/usr/bin/cmake -E cmake_link_script CMakeFiles/cmTC_512be.dir/link.txt --verbose=1
/usr/bin/c++    -DCOMPILER_SUPPORTS_CXX0X    CMakeFiles/cmTC_512be.dir/src.cxx.o  -o cmTC_512be -rdynamic 
make[1]: Leaving directory '/home/gunshi/Downloads/MultiRobot/slam/cair/build/CMakeFiles/CMakeTmp'

Source file was:
int main() { return 0; }
Determining if the include file pthread.h exists passed with the following output:
Change Dir: /home/gunshi/Downloads/MultiRobot/slam/cair/build/CMakeFiles/CMakeTmp

Run Build Command:"/usr/bin/make" "cmTC_52a69/fast"
/usr/bin/make -f CMakeFiles/cmTC_52a69.dir/build.make CMakeFiles/cmTC_52a69.dir/build
make[1]: Entering directory '/home/gunshi/Downloads/MultiRobot/slam/cair/build/CMakeFiles/CMakeTmp'
Building C object CMakeFiles/cmTC_52a69.dir/CheckIncludeFile.c.o
/usr/bin/cc  -DLAPACK_USE_F2C  -Wall -W    -o CMakeFiles/cmTC_52a69.dir/CheckIncludeFile.c.o   -c /home/gunshi/Downloads/MultiRobot/slam/cair/build/CMakeFiles/CMakeTmp/CheckIncludeFile.c
Linking C executable cmTC_52a69
/usr/bin/cmake -E cmake_link_script CMakeFiles/cmTC_52a69.dir/link.txt --verbose=1
/usr/bin/cc    -Wall -W     CMakeFiles/cmTC_52a69.dir/CheckIncludeFile.c.o  -o cmTC_52a69 -rdynamic 
make[1]: Leaving directory '/home/gunshi/Downloads/MultiRobot/slam/cair/build/CMakeFiles/CMakeTmp'


Determining if the function pthread_create exists in the pthread passed with the following output:
Change Dir: /home/gunshi/Downloads/MultiRobot/slam/cair/build/CMakeFiles/CMakeTmp

Run Build Command:"/usr/bin/make" "cmTC_d809b/fast"
/usr/bin/make -f CMakeFiles/cmTC_d809b.dir/build.make CMakeFiles/cmTC_d809b.dir/build
make[1]: Entering directory '/home/gunshi/Downloads/MultiRobot/slam/cair/build/CMakeFiles/CMakeTmp'
Building C object CMakeFiles/cmTC_d809b.dir/CheckFunctionExists.c.o
/usr/bin/cc  -DLAPACK_USE_F2C  -Wall -W -DCHECK_FUNCTION_EXISTS=pthread_create   -o CMakeFiles/cmTC_d809b.dir/CheckFunctionExists.c.o   -c /usr/share/cmake-3.5/Modules/CheckFunctionExists.c
Linking C executable cmTC_d809b
/usr/bin/cmake -E cmake_link_script CMakeFiles/cmTC_d809b.dir/link.txt --verbose=1
/usr/bin/cc    -Wall -W -DCHECK_FUNCTION_EXISTS=pthread_create    CMakeFiles/cmTC_d809b.dir/CheckFunctionExists.c.o  -o cmTC_d809b -rdynamic -lpthread 
make[1]: Leaving directory '/home/gunshi/Downloads/MultiRobot/slam/cair/build/CMakeFiles/CMakeTmp'


Determining if the function sgemm_ exists passed with the following output:
Change Dir: /home/gunshi/Downloads/MultiRobot/cair/build/CMakeFiles/CMakeTmp

Run Build Command:"/usr/bin/make" "cmTC_6d7f3/fast"
/usr/bin/make -f CMakeFiles/cmTC_6d7f3.dir/build.make CMakeFiles/cmTC_6d7f3.dir/build
make[1]: Entering directory '/home/gunshi/Downloads/MultiRobot/cair/build/CMakeFiles/CMakeTmp'
Building C object CMakeFiles/cmTC_6d7f3.dir/CheckFunctionExists.c.o
/usr/bin/cc  -DBLAS_USE_F2C  -DCHECK_FUNCTION_EXISTS=sgemm_   -o CMakeFiles/cmTC_6d7f3.dir/CheckFunctionExists.c.o   -c /usr/share/cmake-3.5/Modules/CheckFunctionExists.c
Linking C executable cmTC_6d7f3
/usr/bin/cmake -E cmake_link_script CMakeFiles/cmTC_6d7f3.dir/link.txt --verbose=1
/usr/bin/cc   -DCHECK_FUNCTION_EXISTS=sgemm_    CMakeFiles/cmTC_6d7f3.dir/CheckFunctionExists.c.o  -o cmTC_6d7f3 -rdynamic /usr/lib/libblas.so 
make[1]: Leaving directory '/home/gunshi/Downloads/MultiRobot/cair/build/CMakeFiles/CMakeTmp'


Determining if the function cheev_ exists passed with the following output:
Change Dir: /home/gunshi/Downloads/MultiRobot/cair/build/CMakeFiles/CMakeTmp

Run Build Command:"/usr/bin/make" "cmTC_dd18b/fast"
/usr/bin/make -f CMakeFiles/cmTC_dd18b.dir/build.make CMakeFiles/cmTC_dd18b.dir/build
make[1]: Entering directory '/home/gunshi/Downloads/MultiRobot/cair/build/CMakeFiles/CMakeTmp'
Building C object CMakeFiles/cmTC_dd18b.dir/CheckFunctionExists.c.o
/usr/bin/cc  -DLAPACK_USE_F2C  -DCHECK_FUNCTION_EXISTS=cheev_   -o CMakeFiles/cmTC_dd18b.dir/CheckFunctionExists.c.o   -c /usr/share/cmake-3.5/Modules/CheckFunctionExists.c
Linking C executable cmTC_dd18b
/usr/bin/cmake -E cmake_link_script CMakeFiles/cmTC_dd18b.dir/link.txt --verbose=1
/usr/bin/cc   -DCHECK_FUNCTION_EXISTS=cheev_    CMakeFiles/cmTC_dd18b.dir/CheckFunctionExists.c.o  -o cmTC_dd18b -rdynamic /usr/lib/liblapack.so /usr/lib/libblas.so 
make[1]: Leaving directory '/home/gunshi/Downloads/MultiRobot/cair/build/CMakeFiles/CMakeTmp'


Determining if the Q_WS_X11 exist passed with the following output:
Change Dir: /home/gunshi/Downloads/MultiRobot/cair/build/CMakeFiles/CMakeTmp

Run Build Command:"/usr/bin/make" "cmTC_2a0bf/fast"
/usr/bin/make -f CMakeFiles/cmTC_2a0bf.dir/build.make CMakeFiles/cmTC_2a0bf.dir/build
make[1]: Entering directory '/home/gunshi/Downloads/MultiRobot/cair/build/CMakeFiles/CMakeTmp'
Building CXX object CMakeFiles/cmTC_2a0bf.dir/CheckSymbolExists.cxx.o
/usr/bin/c++   -DLAPACK_USE_F2C -I/usr/include/qt4   -o CMakeFiles/cmTC_2a0bf.dir/CheckSymbolExists.cxx.o -c /home/gunshi/Downloads/MultiRobot/cair/build/CMakeFiles/CMakeTmp/CheckSymbolExists.cxx
Linking CXX executable cmTC_2a0bf
/usr/bin/cmake -E cmake_link_script CMakeFiles/cmTC_2a0bf.dir/link.txt --verbose=1
/usr/bin/c++        CMakeFiles/cmTC_2a0bf.dir/CheckSymbolExists.cxx.o  -o cmTC_2a0bf -rdynamic 
make[1]: Leaving directory '/home/gunshi/Downloads/MultiRobot/cair/build/CMakeFiles/CMakeTmp'

File /home/gunshi/Downloads/MultiRobot/cair/build/CMakeFiles/CMakeTmp/CheckSymbolExists.cxx:
/* */
#include <QtCore/qglobal.h>

int main(int argc, char** argv)
{
  (void)argv;
#ifndef Q_WS_X11
  return ((int*)(&Q_WS_X11))[argc];
#else
  (void)argc;
  return 0;
#endif
}

Performing C++ SOURCE FILE Test COMPILER_SUPPORTS_CXX11 succeeded with the following output:
Change Dir: /home/gunshi/Downloads/MultiRobot/cair/build/CMakeFiles/CMakeTmp

Run Build Command:"/usr/bin/make" "cmTC_65977/fast"
/usr/bin/make -f CMakeFiles/cmTC_65977.dir/build.make CMakeFiles/cmTC_65977.dir/build
make[1]: Entering directory '/home/gunshi/Downloads/MultiRobot/cair/build/CMakeFiles/CMakeTmp'
Building CXX object CMakeFiles/cmTC_65977.dir/src.cxx.o
/usr/bin/c++     -DCOMPILER_SUPPORTS_CXX11   -std=c++11 -o CMakeFiles/cmTC_65977.dir/src.cxx.o -c /home/gunshi/Downloads/MultiRobot/cair/build/CMakeFiles/CMakeTmp/src.cxx
Linking CXX executable cmTC_65977
/usr/bin/cmake -E cmake_link_script CMakeFiles/cmTC_65977.dir/link.txt --verbose=1
/usr/bin/c++    -DCOMPILER_SUPPORTS_CXX11    CMakeFiles/cmTC_65977.dir/src.cxx.o  -o cmTC_65977 -rdynamic 
make[1]: Leaving directory '/home/gunshi/Downloads/MultiRobot/cair/build/CMakeFiles/CMakeTmp'

Source file was:
int main() { return 0; }
Performing C++ SOURCE FILE Test COMPILER_SUPPORTS_CXX0X succeeded with the following output:
Change Dir: /home/gunshi/Downloads/MultiRobot/cair/build/CMakeFiles/CMakeTmp

Run Build Command:"/usr/bin/make" "cmTC_b5080/fast"
/usr/bin/make -f CMakeFiles/cmTC_b5080.dir/build.make CMakeFiles/cmTC_b5080.dir/build
make[1]: Entering directory '/home/gunshi/Downloads/MultiRobot/cair/build/CMakeFiles/CMakeTmp'
Building CXX object CMakeFiles/cmTC_b5080.dir/src.cxx.o
/usr/bin/c++     -DCOMPILER_SUPPORTS_CXX0X   -std=c++0x -o CMakeFiles/cmTC_b5080.dir/src.cxx.o -c /home/gunshi/Downloads/MultiRobot/cair/build/CMakeFiles/CMakeTmp/src.cxx
Linking CXX executable cmTC_b5080
/usr/bin/cmake -E cmake_link_script CMakeFiles/cmTC_b5080.dir/link.txt --verbose=1
/usr/bin/c++    -DCOMPILER_SUPPORTS_CXX0X    CMakeFiles/cmTC_b5080.dir/src.cxx.o  -o cmTC_b5080 -rdynamic 
make[1]: Leaving directory '/home/gunshi/Downloads/MultiRobot/cair/build/CMakeFiles/CMakeTmp'

Source file was:
int main() { return 0; }
Determining if the include file pthread.h exists passed with the following output:
Change Dir: /home/gunshi/Downloads/MultiRobot/cair/build/CMakeFiles/CMakeTmp

Run Build Command:"/usr/bin/make" "cmTC_c966e/fast"
/usr/bin/make -f CMakeFiles/cmTC_c966e.dir/build.make CMakeFiles/cmTC_c966e.dir/build
make[1]: Entering directory '/home/gunshi/Downloads/MultiRobot/cair/build/CMakeFiles/CMakeTmp'
Building C object CMakeFiles/cmTC_c966e.dir/CheckIncludeFile.c.o
/usr/bin/cc  -DLAPACK_USE_F2C  -Wall -W    -o CMakeFiles/cmTC_c966e.dir/CheckIncludeFile.c.o   -c /home/gunshi/Downloads/MultiRobot/cair/build/CMakeFiles/CMakeTmp/CheckIncludeFile.c
Linking C executable cmTC_c966e
/usr/bin/cmake -E cmake_link_script CMakeFiles/cmTC_c966e.dir/link.txt --verbose=1
/usr/bin/cc    -Wall -W     CMakeFiles/cmTC_c966e.dir/CheckIncludeFile.c.o  -o cmTC_c966e -rdynamic 
make[1]: Leaving directory '/home/gunshi/Downloads/MultiRobot/cair/build/CMakeFiles/CMakeTmp'


Determining if the function pthread_create exists in the pthread passed with the following output:
Change Dir: /home/gunshi/Downloads/MultiRobot/cair/build/CMakeFiles/CMakeTmp

Run Build Command:"/usr/bin/make" "cmTC_0c703/fast"
/usr/bin/make -f CMakeFiles/cmTC_0c703.dir/build.make CMakeFiles/cmTC_0c703.dir/build
make[1]: Entering directory '/home/gunshi/Downloads/MultiRobot/cair/build/CMakeFiles/CMakeTmp'
Building C object CMakeFiles/cmTC_0c703.dir/CheckFunctionExists.c.o
/usr/bin/cc  -DLAPACK_USE_F2C  -Wall -W -DCHECK_FUNCTION_EXISTS=pthread_create   -o CMakeFiles/cmTC_0c703.dir/CheckFunctionExists.c.o   -c /usr/share/cmake-3.5/Modules/CheckFunctionExists.c
Linking C executable cmTC_0c703
/usr/bin/cmake -E cmake_link_script CMakeFiles/cmTC_0c703.dir/link.txt --verbose=1
/usr/bin/cc    -Wall -W -DCHECK_FUNCTION_EXISTS=pthread_create    CMakeFiles/cmTC_0c703.dir/CheckFunctionExists.c.o  -o cmTC_0c703 -rdynamic -lpthread 
make[1]: Leaving directory '/home/gunshi/Downloads/MultiRobot/cair/build/CMakeFiles/CMakeTmp'


Determining if the function sgemm_ exists passed with the following output:
Change Dir: /home/gunshi/Downloads/MultiRobot/cair/build/CMakeFiles/CMakeTmp

Run Build Command:"/usr/bin/make" "cmTC_8e9c3/fast"
/usr/bin/make -f CMakeFiles/cmTC_8e9c3.dir/build.make CMakeFiles/cmTC_8e9c3.dir/build
make[1]: Entering directory '/home/gunshi/Downloads/MultiRobot/cair/build/CMakeFiles/CMakeTmp'
Building C object CMakeFiles/cmTC_8e9c3.dir/CheckFunctionExists.c.o
/usr/bin/cc  -DBLAS_USE_F2C  -DCHECK_FUNCTION_EXISTS=sgemm_   -o CMakeFiles/cmTC_8e9c3.dir/CheckFunctionExists.c.o   -c /usr/share/cmake-3.5/Modules/CheckFunctionExists.c
Linking C executable cmTC_8e9c3
/usr/bin/cmake -E cmake_link_script CMakeFiles/cmTC_8e9c3.dir/link.txt --verbose=1
/usr/bin/cc   -DCHECK_FUNCTION_EXISTS=sgemm_    CMakeFiles/cmTC_8e9c3.dir/CheckFunctionExists.c.o  -o cmTC_8e9c3 -rdynamic /usr/lib/libblas.so 
make[1]: Leaving directory '/home/gunshi/Downloads/MultiRobot/cair/build/CMakeFiles/CMakeTmp'


Determining if the function cheev_ exists passed with the following output:
Change Dir: /home/gunshi/Downloads/MultiRobot/cair/build/CMakeFiles/CMakeTmp

Run Build Command:"/usr/bin/make" "cmTC_34931/fast"
/usr/bin/make -f CMakeFiles/cmTC_34931.dir/build.make CMakeFiles/cmTC_34931.dir/build
make[1]: Entering directory '/home/gunshi/Downloads/MultiRobot/cair/build/CMakeFiles/CMakeTmp'
Building C object CMakeFiles/cmTC_34931.dir/CheckFunctionExists.c.o
/usr/bin/cc  -DLAPACK_USE_F2C  -DCHECK_FUNCTION_EXISTS=cheev_   -o CMakeFiles/cmTC_34931.dir/CheckFunctionExists.c.o   -c /usr/share/cmake-3.5/Modules/CheckFunctionExists.c
Linking C executable cmTC_34931
/usr/bin/cmake -E cmake_link_script CMakeFiles/cmTC_34931.dir/link.txt --verbose=1
/usr/bin/cc   -DCHECK_FUNCTION_EXISTS=cheev_    CMakeFiles/cmTC_34931.dir/CheckFunctionExists.c.o  -o cmTC_34931 -rdynamic /usr/lib/liblapack.so /usr/lib/libblas.so 
make[1]: Leaving directory '/home/gunshi/Downloads/MultiRobot/cair/build/CMakeFiles/CMakeTmp'


Determining if the Q_WS_X11 exist passed with the following output:
Change Dir: /home/gunshi/Downloads/MultiRobot/cair/build/CMakeFiles/CMakeTmp

Run Build Command:"/usr/bin/make" "cmTC_9dad4/fast"
/usr/bin/make -f CMakeFiles/cmTC_9dad4.dir/build.make CMakeFiles/cmTC_9dad4.dir/build
make[1]: Entering directory '/home/gunshi/Downloads/MultiRobot/cair/build/CMakeFiles/CMakeTmp'
Building CXX object CMakeFiles/cmTC_9dad4.dir/CheckSymbolExists.cxx.o
/usr/bin/c++   -DLAPACK_USE_F2C -I/usr/include/qt4   -o CMakeFiles/cmTC_9dad4.dir/CheckSymbolExists.cxx.o -c /home/gunshi/Downloads/MultiRobot/cair/build/CMakeFiles/CMakeTmp/CheckSymbolExists.cxx
Linking CXX executable cmTC_9dad4
/usr/bin/cmake -E cmake_link_script CMakeFiles/cmTC_9dad4.dir/link.txt --verbose=1
/usr/bin/c++        CMakeFiles/cmTC_9dad4.dir/CheckSymbolExists.cxx.o  -o cmTC_9dad4 -rdynamic 
make[1]: Leaving directory '/home/gunshi/Downloads/MultiRobot/cair/build/CMakeFiles/CMakeTmp'

File /home/gunshi/Downloads/MultiRobot/cair/build/CMakeFiles/CMakeTmp/CheckSymbolExists.cxx:
/* */
#include <QtCore/qglobal.h>

int main(int argc, char** argv)
{
  (void)argv;
#ifndef Q_WS_X11
  return ((int*)(&Q_WS_X11))[argc];
#else
  (void)argc;
  return 0;
#endif
}

Performing C++ SOURCE FILE Test COMPILER_SUPPORTS_CXX11 succeeded with the following output:
Change Dir: /home/gunshi/Downloads/MultiRobot/cair/build/CMakeFiles/CMakeTmp

Run Build Command:"/usr/bin/make" "cmTC_73b83/fast"
/usr/bin/make -f CMakeFiles/cmTC_73b83.dir/build.make CMakeFiles/cmTC_73b83.dir/build
make[1]: Entering directory '/home/gunshi/Downloads/MultiRobot/cair/build/CMakeFiles/CMakeTmp'
Building CXX object CMakeFiles/cmTC_73b83.dir/src.cxx.o
/usr/bin/c++     -DCOMPILER_SUPPORTS_CXX11   -std=c++11 -o CMakeFiles/cmTC_73b83.dir/src.cxx.o -c /home/gunshi/Downloads/MultiRobot/cair/build/CMakeFiles/CMakeTmp/src.cxx
Linking CXX executable cmTC_73b83
/usr/bin/cmake -E cmake_link_script CMakeFiles/cmTC_73b83.dir/link.txt --verbose=1
/usr/bin/c++    -DCOMPILER_SUPPORTS_CXX11    CMakeFiles/cmTC_73b83.dir/src.cxx.o  -o cmTC_73b83 -rdynamic 
make[1]: Leaving directory '/home/gunshi/Downloads/MultiRobot/cair/build/CMakeFiles/CMakeTmp'

Source file was:
int main() { return 0; }
Performing C++ SOURCE FILE Test COMPILER_SUPPORTS_CXX0X succeeded with the following output:
Change Dir: /home/gunshi/Downloads/MultiRobot/cair/build/CMakeFiles/CMakeTmp

Run Build Command:"/usr/bin/make" "cmTC_ef1b4/fast"
/usr/bin/make -f CMakeFiles/cmTC_ef1b4.dir/build.make CMakeFiles/cmTC_ef1b4.dir/build
make[1]: Entering directory '/home/gunshi/Downloads/MultiRobot/cair/build/CMakeFiles/CMakeTmp'
Building CXX object CMakeFiles/cmTC_ef1b4.dir/src.cxx.o
/usr/bin/c++     -DCOMPILER_SUPPORTS_CXX0X   -std=c++0x -o CMakeFiles/cmTC_ef1b4.dir/src.cxx.o -c /home/gunshi/Downloads/MultiRobot/cair/build/CMakeFiles/CMakeTmp/src.cxx
Linking CXX executable cmTC_ef1b4
/usr/bin/cmake -E cmake_link_script CMakeFiles/cmTC_ef1b4.dir/link.txt --verbose=1
/usr/bin/c++    -DCOMPILER_SUPPORTS_CXX0X    CMakeFiles/cmTC_ef1b4.dir/src.cxx.o  -o cmTC_ef1b4 -rdynamic 
make[1]: Leaving directory '/home/gunshi/Downloads/MultiRobot/cair/build/CMakeFiles/CMakeTmp'

Source file was:
int main() { return 0; }
Determining if the include file pthread.h exists passed with the following output:
Change Dir: /home/gunshi/Downloads/MultiRobot/cair/build/CMakeFiles/CMakeTmp

Run Build Command:"/usr/bin/make" "cmTC_f1444/fast"
/usr/bin/make -f CMakeFiles/cmTC_f1444.dir/build.make CMakeFiles/cmTC_f1444.dir/build
make[1]: Entering directory '/home/gunshi/Downloads/MultiRobot/cair/build/CMakeFiles/CMakeTmp'
Building C object CMakeFiles/cmTC_f1444.dir/CheckIncludeFile.c.o
/usr/bin/cc  -DLAPACK_USE_F2C  -Wall -W    -o CMakeFiles/cmTC_f1444.dir/CheckIncludeFile.c.o   -c /home/gunshi/Downloads/MultiRobot/cair/build/CMakeFiles/CMakeTmp/CheckIncludeFile.c
Linking C executable cmTC_f1444
/usr/bin/cmake -E cmake_link_script CMakeFiles/cmTC_f1444.dir/link.txt --verbose=1
/usr/bin/cc    -Wall -W     CMakeFiles/cmTC_f1444.dir/CheckIncludeFile.c.o  -o cmTC_f1444 -rdynamic 
make[1]: Leaving directory '/home/gunshi/Downloads/MultiRobot/cair/build/CMakeFiles/CMakeTmp'


Determining if the function pthread_create exists in the pthread passed with the following output:
Change Dir: /home/gunshi/Downloads/MultiRobot/cair/build/CMakeFiles/CMakeTmp

Run Build Command:"/usr/bin/make" "cmTC_bc678/fast"
/usr/bin/make -f CMakeFiles/cmTC_bc678.dir/build.make CMakeFiles/cmTC_bc678.dir/build
make[1]: Entering directory '/home/gunshi/Downloads/MultiRobot/cair/build/CMakeFiles/CMakeTmp'
Building C object CMakeFiles/cmTC_bc678.dir/CheckFunctionExists.c.o
/usr/bin/cc  -DLAPACK_USE_F2C  -Wall -W -DCHECK_FUNCTION_EXISTS=pthread_create   -o CMakeFiles/cmTC_bc678.dir/CheckFunctionExists.c.o   -c /usr/share/cmake-3.5/Modules/CheckFunctionExists.c
Linking C executable cmTC_bc678
/usr/bin/cmake -E cmake_link_script CMakeFiles/cmTC_bc678.dir/link.txt --verbose=1
/usr/bin/cc    -Wall -W -DCHECK_FUNCTION_EXISTS=pthread_create    CMakeFiles/cmTC_bc678.dir/CheckFunctionExists.c.o  -o cmTC_bc678 -rdynamic -lpthread 
make[1]: Leaving directory '/home/gunshi/Downloads/MultiRobot/cair/build/CMakeFiles/CMakeTmp'


Determining if the function sgemm_ exists passed with the following output:
Change Dir: /home/gunshi/Downloads/MultiRobot/backward/build/CMakeFiles/CMakeTmp

Run Build Command:"/usr/bin/make" "cmTC_64a9b/fast"
/usr/bin/make -f CMakeFiles/cmTC_64a9b.dir/build.make CMakeFiles/cmTC_64a9b.dir/build
make[1]: Entering directory '/home/gunshi/Downloads/MultiRobot/backward/build/CMakeFiles/CMakeTmp'
Building C object CMakeFiles/cmTC_64a9b.dir/CheckFunctionExists.c.o
/usr/bin/cc  -DBLAS_USE_F2C  -DCHECK_FUNCTION_EXISTS=sgemm_   -o CMakeFiles/cmTC_64a9b.dir/CheckFunctionExists.c.o   -c /usr/share/cmake-3.5/Modules/CheckFunctionExists.c
Linking C executable cmTC_64a9b
/usr/bin/cmake -E cmake_link_script CMakeFiles/cmTC_64a9b.dir/link.txt --verbose=1
/usr/bin/cc   -DCHECK_FUNCTION_EXISTS=sgemm_    CMakeFiles/cmTC_64a9b.dir/CheckFunctionExists.c.o  -o cmTC_64a9b -rdynamic /usr/lib/libblas.so 
make[1]: Leaving directory '/home/gunshi/Downloads/MultiRobot/backward/build/CMakeFiles/CMakeTmp'


Determining if the function cheev_ exists passed with the following output:
Change Dir: /home/gunshi/Downloads/MultiRobot/backward/build/CMakeFiles/CMakeTmp

Run Build Command:"/usr/bin/make" "cmTC_bd113/fast"
/usr/bin/make -f CMakeFiles/cmTC_bd113.dir/build.make CMakeFiles/cmTC_bd113.dir/build
make[1]: Entering directory '/home/gunshi/Downloads/MultiRobot/backward/build/CMakeFiles/CMakeTmp'
Building C object CMakeFiles/cmTC_bd113.dir/CheckFunctionExists.c.o
/usr/bin/cc  -DLAPACK_USE_F2C  -DCHECK_FUNCTION_EXISTS=cheev_   -o CMakeFiles/cmTC_bd113.dir/CheckFunctionExists.c.o   -c /usr/share/cmake-3.5/Modules/CheckFunctionExists.c
Linking C executable cmTC_bd113
/usr/bin/cmake -E cmake_link_script CMakeFiles/cmTC_bd113.dir/link.txt --verbose=1
/usr/bin/cc   -DCHECK_FUNCTION_EXISTS=cheev_    CMakeFiles/cmTC_bd113.dir/CheckFunctionExists.c.o  -o cmTC_bd113 -rdynamic /usr/lib/liblapack.so /usr/lib/libblas.so 
make[1]: Leaving directory '/home/gunshi/Downloads/MultiRobot/backward/build/CMakeFiles/CMakeTmp'


Determining if the Q_WS_X11 exist passed with the following output:
Change Dir: /home/gunshi/Downloads/MultiRobot/backward/build/CMakeFiles/CMakeTmp

Run Build Command:"/usr/bin/make" "cmTC_cc2c1/fast"
/usr/bin/make -f CMakeFiles/cmTC_cc2c1.dir/build.make CMakeFiles/cmTC_cc2c1.dir/build
make[1]: Entering directory '/home/gunshi/Downloads/MultiRobot/backward/build/CMakeFiles/CMakeTmp'
Building CXX object CMakeFiles/cmTC_cc2c1.dir/CheckSymbolExists.cxx.o
/usr/bin/c++   -DLAPACK_USE_F2C -I/usr/include/qt4   -o CMakeFiles/cmTC_cc2c1.dir/CheckSymbolExists.cxx.o -c /home/gunshi/Downloads/MultiRobot/backward/build/CMakeFiles/CMakeTmp/CheckSymbolExists.cxx
Linking CXX executable cmTC_cc2c1
/usr/bin/cmake -E cmake_link_script CMakeFiles/cmTC_cc2c1.dir/link.txt --verbose=1
/usr/bin/c++        CMakeFiles/cmTC_cc2c1.dir/CheckSymbolExists.cxx.o  -o cmTC_cc2c1 -rdynamic 
make[1]: Leaving directory '/home/gunshi/Downloads/MultiRobot/backward/build/CMakeFiles/CMakeTmp'

File /home/gunshi/Downloads/MultiRobot/backward/build/CMakeFiles/CMakeTmp/CheckSymbolExists.cxx:
/* */
#include <QtCore/qglobal.h>

int main(int argc, char** argv)
{
  (void)argv;
#ifndef Q_WS_X11
  return ((int*)(&Q_WS_X11))[argc];
#else
  (void)argc;
  return 0;
#endif
}

Performing C++ SOURCE FILE Test COMPILER_SUPPORTS_CXX11 succeeded with the following output:
Change Dir: /home/gunshi/Downloads/MultiRobot/backward/build/CMakeFiles/CMakeTmp

Run Build Command:"/usr/bin/make" "cmTC_f8ef3/fast"
/usr/bin/make -f CMakeFiles/cmTC_f8ef3.dir/build.make CMakeFiles/cmTC_f8ef3.dir/build
make[1]: Entering directory '/home/gunshi/Downloads/MultiRobot/backward/build/CMakeFiles/CMakeTmp'
Building CXX object CMakeFiles/cmTC_f8ef3.dir/src.cxx.o
/usr/bin/c++     -DCOMPILER_SUPPORTS_CXX11   -std=c++11 -o CMakeFiles/cmTC_f8ef3.dir/src.cxx.o -c /home/gunshi/Downloads/MultiRobot/backward/build/CMakeFiles/CMakeTmp/src.cxx
Linking CXX executable cmTC_f8ef3
/usr/bin/cmake -E cmake_link_script CMakeFiles/cmTC_f8ef3.dir/link.txt --verbose=1
/usr/bin/c++    -DCOMPILER_SUPPORTS_CXX11    CMakeFiles/cmTC_f8ef3.dir/src.cxx.o  -o cmTC_f8ef3 -rdynamic 
make[1]: Leaving directory '/home/gunshi/Downloads/MultiRobot/backward/build/CMakeFiles/CMakeTmp'

Source file was:
int main() { return 0; }
Performing C++ SOURCE FILE Test COMPILER_SUPPORTS_CXX0X succeeded with the following output:
Change Dir: /home/gunshi/Downloads/MultiRobot/backward/build/CMakeFiles/CMakeTmp

Run Build Command:"/usr/bin/make" "cmTC_8215d/fast"
/usr/bin/make -f CMakeFiles/cmTC_8215d.dir/build.make CMakeFiles/cmTC_8215d.dir/build
make[1]: Entering directory '/home/gunshi/Downloads/MultiRobot/backward/build/CMakeFiles/CMakeTmp'
Building CXX object CMakeFiles/cmTC_8215d.dir/src.cxx.o
/usr/bin/c++     -DCOMPILER_SUPPORTS_CXX0X   -std=c++0x -o CMakeFiles/cmTC_8215d.dir/src.cxx.o -c /home/gunshi/Downloads/MultiRobot/backward/build/CMakeFiles/CMakeTmp/src.cxx
Linking CXX executable cmTC_8215d
/usr/bin/cmake -E cmake_link_script CMakeFiles/cmTC_8215d.dir/link.txt --verbose=1
/usr/bin/c++    -DCOMPILER_SUPPORTS_CXX0X    CMakeFiles/cmTC_8215d.dir/src.cxx.o  -o cmTC_8215d -rdynamic 
make[1]: Leaving directory '/home/gunshi/Downloads/MultiRobot/backward/build/CMakeFiles/CMakeTmp'

Source file was:
int main() { return 0; }
Determining if the include file pthread.h exists passed with the following output:
Change Dir: /home/gunshi/Downloads/MultiRobot/backward/build/CMakeFiles/CMakeTmp

Run Build Command:"/usr/bin/make" "cmTC_c7be3/fast"
/usr/bin/make -f CMakeFiles/cmTC_c7be3.dir/build.make CMakeFiles/cmTC_c7be3.dir/build
make[1]: Entering directory '/home/gunshi/Downloads/MultiRobot/backward/build/CMakeFiles/CMakeTmp'
Building C object CMakeFiles/cmTC_c7be3.dir/CheckIncludeFile.c.o
/usr/bin/cc  -DLAPACK_USE_F2C  -Wall -W    -o CMakeFiles/cmTC_c7be3.dir/CheckIncludeFile.c.o   -c /home/gunshi/Downloads/MultiRobot/backward/build/CMakeFiles/CMakeTmp/CheckIncludeFile.c
Linking C executable cmTC_c7be3
/usr/bin/cmake -E cmake_link_script CMakeFiles/cmTC_c7be3.dir/link.txt --verbose=1
/usr/bin/cc    -Wall -W     CMakeFiles/cmTC_c7be3.dir/CheckIncludeFile.c.o  -o cmTC_c7be3 -rdynamic 
make[1]: Leaving directory '/home/gunshi/Downloads/MultiRobot/backward/build/CMakeFiles/CMakeTmp'


Determining if the function pthread_create exists in the pthread passed with the following output:
Change Dir: /home/gunshi/Downloads/MultiRobot/backward/build/CMakeFiles/CMakeTmp

Run Build Command:"/usr/bin/make" "cmTC_09447/fast"
/usr/bin/make -f CMakeFiles/cmTC_09447.dir/build.make CMakeFiles/cmTC_09447.dir/build
make[1]: Entering directory '/home/gunshi/Downloads/MultiRobot/backward/build/CMakeFiles/CMakeTmp'
Building C object CMakeFiles/cmTC_09447.dir/CheckFunctionExists.c.o
/usr/bin/cc  -DLAPACK_USE_F2C  -Wall -W -DCHECK_FUNCTION_EXISTS=pthread_create   -o CMakeFiles/cmTC_09447.dir/CheckFunctionExists.c.o   -c /usr/share/cmake-3.5/Modules/CheckFunctionExists.c
Linking C executable cmTC_09447
/usr/bin/cmake -E cmake_link_script CMakeFiles/cmTC_09447.dir/link.txt --verbose=1
/usr/bin/cc    -Wall -W -DCHECK_FUNCTION_EXISTS=pthread_create    CMakeFiles/cmTC_09447.dir/CheckFunctionExists.c.o  -o cmTC_09447 -rdynamic -lpthread 
make[1]: Leaving directory '/home/gunshi/Downloads/MultiRobot/backward/build/CMakeFiles/CMakeTmp'


Determining if the function sgemm_ exists passed with the following output:
Change Dir: /home/gunshi/Downloads/MultiRobot/backward2/build/CMakeFiles/CMakeTmp

Run Build Command:"/usr/bin/make" "cmTC_d0074/fast"
/usr/bin/make -f CMakeFiles/cmTC_d0074.dir/build.make CMakeFiles/cmTC_d0074.dir/build
make[1]: Entering directory '/home/gunshi/Downloads/MultiRobot/backward2/build/CMakeFiles/CMakeTmp'
Building C object CMakeFiles/cmTC_d0074.dir/CheckFunctionExists.c.o
/usr/bin/cc  -DBLAS_USE_F2C  -DCHECK_FUNCTION_EXISTS=sgemm_   -o CMakeFiles/cmTC_d0074.dir/CheckFunctionExists.c.o   -c /usr/share/cmake-3.5/Modules/CheckFunctionExists.c
Linking C executable cmTC_d0074
/usr/bin/cmake -E cmake_link_script CMakeFiles/cmTC_d0074.dir/link.txt --verbose=1
/usr/bin/cc   -DCHECK_FUNCTION_EXISTS=sgemm_    CMakeFiles/cmTC_d0074.dir/CheckFunctionExists.c.o  -o cmTC_d0074 -rdynamic /usr/lib/libblas.so 
make[1]: Leaving directory '/home/gunshi/Downloads/MultiRobot/backward2/build/CMakeFiles/CMakeTmp'


Determining if the function cheev_ exists passed with the following output:
Change Dir: /home/gunshi/Downloads/MultiRobot/backward2/build/CMakeFiles/CMakeTmp

Run Build Command:"/usr/bin/make" "cmTC_2a8a9/fast"
/usr/bin/make -f CMakeFiles/cmTC_2a8a9.dir/build.make CMakeFiles/cmTC_2a8a9.dir/build
make[1]: Entering directory '/home/gunshi/Downloads/MultiRobot/backward2/build/CMakeFiles/CMakeTmp'
Building C object CMakeFiles/cmTC_2a8a9.dir/CheckFunctionExists.c.o
/usr/bin/cc  -DLAPACK_USE_F2C  -DCHECK_FUNCTION_EXISTS=cheev_   -o CMakeFiles/cmTC_2a8a9.dir/CheckFunctionExists.c.o   -c /usr/share/cmake-3.5/Modules/CheckFunctionExists.c
Linking C executable cmTC_2a8a9
/usr/bin/cmake -E cmake_link_script CMakeFiles/cmTC_2a8a9.dir/link.txt --verbose=1
/usr/bin/cc   -DCHECK_FUNCTION_EXISTS=cheev_    CMakeFiles/cmTC_2a8a9.dir/CheckFunctionExists.c.o  -o cmTC_2a8a9 -rdynamic /usr/lib/liblapack.so /usr/lib/libblas.so 
make[1]: Leaving directory '/home/gunshi/Downloads/MultiRobot/backward2/build/CMakeFiles/CMakeTmp'


Determining if the Q_WS_X11 exist passed with the following output:
Change Dir: /home/gunshi/Downloads/MultiRobot/backward2/build/CMakeFiles/CMakeTmp

Run Build Command:"/usr/bin/make" "cmTC_6e188/fast"
/usr/bin/make -f CMakeFiles/cmTC_6e188.dir/build.make CMakeFiles/cmTC_6e188.dir/build
make[1]: Entering directory '/home/gunshi/Downloads/MultiRobot/backward2/build/CMakeFiles/CMakeTmp'
Building CXX object CMakeFiles/cmTC_6e188.dir/CheckSymbolExists.cxx.o
/usr/bin/c++   -DLAPACK_USE_F2C -I/usr/include/qt4   -o CMakeFiles/cmTC_6e188.dir/CheckSymbolExists.cxx.o -c /home/gunshi/Downloads/MultiRobot/backward2/build/CMakeFiles/CMakeTmp/CheckSymbolExists.cxx
Linking CXX executable cmTC_6e188
/usr/bin/cmake -E cmake_link_script CMakeFiles/cmTC_6e188.dir/link.txt --verbose=1
/usr/bin/c++        CMakeFiles/cmTC_6e188.dir/CheckSymbolExists.cxx.o  -o cmTC_6e188 -rdynamic 
make[1]: Leaving directory '/home/gunshi/Downloads/MultiRobot/backward2/build/CMakeFiles/CMakeTmp'

File /home/gunshi/Downloads/MultiRobot/backward2/build/CMakeFiles/CMakeTmp/CheckSymbolExists.cxx:
/* */
#include <QtCore/qglobal.h>

int main(int argc, char** argv)
{
  (void)argv;
#ifndef Q_WS_X11
  return ((int*)(&Q_WS_X11))[argc];
#else
  (void)argc;
  return 0;
#endif
}

Performing C++ SOURCE FILE Test COMPILER_SUPPORTS_CXX11 succeeded with the following output:
Change Dir: /home/gunshi/Downloads/MultiRobot/backward2/build/CMakeFiles/CMakeTmp

Run Build Command:"/usr/bin/make" "cmTC_0f187/fast"
/usr/bin/make -f CMakeFiles/cmTC_0f187.dir/build.make CMakeFiles/cmTC_0f187.dir/build
make[1]: Entering directory '/home/gunshi/Downloads/MultiRobot/backward2/build/CMakeFiles/CMakeTmp'
Building CXX object CMakeFiles/cmTC_0f187.dir/src.cxx.o
/usr/bin/c++     -DCOMPILER_SUPPORTS_CXX11   -std=c++11 -o CMakeFiles/cmTC_0f187.dir/src.cxx.o -c /home/gunshi/Downloads/MultiRobot/backward2/build/CMakeFiles/CMakeTmp/src.cxx
Linking CXX executable cmTC_0f187
/usr/bin/cmake -E cmake_link_script CMakeFiles/cmTC_0f187.dir/link.txt --verbose=1
/usr/bin/c++    -DCOMPILER_SUPPORTS_CXX11    CMakeFiles/cmTC_0f187.dir/src.cxx.o  -o cmTC_0f187 -rdynamic 
make[1]: Leaving directory '/home/gunshi/Downloads/MultiRobot/backward2/build/CMakeFiles/CMakeTmp'

Source file was:
int main() { return 0; }
Performing C++ SOURCE FILE Test COMPILER_SUPPORTS_CXX0X succeeded with the following output:
Change Dir: /home/gunshi/Downloads/MultiRobot/backward2/build/CMakeFiles/CMakeTmp

Run Build Command:"/usr/bin/make" "cmTC_545bc/fast"
/usr/bin/make -f CMakeFiles/cmTC_545bc.dir/build.make CMakeFiles/cmTC_545bc.dir/build
make[1]: Entering directory '/home/gunshi/Downloads/MultiRobot/backward2/build/CMakeFiles/CMakeTmp'
Building CXX object CMakeFiles/cmTC_545bc.dir/src.cxx.o
/usr/bin/c++     -DCOMPILER_SUPPORTS_CXX0X   -std=c++0x -o CMakeFiles/cmTC_545bc.dir/src.cxx.o -c /home/gunshi/Downloads/MultiRobot/backward2/build/CMakeFiles/CMakeTmp/src.cxx
Linking CXX executable cmTC_545bc
/usr/bin/cmake -E cmake_link_script CMakeFiles/cmTC_545bc.dir/link.txt --verbose=1
/usr/bin/c++    -DCOMPILER_SUPPORTS_CXX0X    CMakeFiles/cmTC_545bc.dir/src.cxx.o  -o cmTC_545bc -rdynamic 
make[1]: Leaving directory '/home/gunshi/Downloads/MultiRobot/backward2/build/CMakeFiles/CMakeTmp'

Source file was:
int main() { return 0; }
Determining if the include file pthread.h exists passed with the following output:
Change Dir: /home/gunshi/Downloads/MultiRobot/backward2/build/CMakeFiles/CMakeTmp

Run Build Command:"/usr/bin/make" "cmTC_d9b6d/fast"
/usr/bin/make -f CMakeFiles/cmTC_d9b6d.dir/build.make CMakeFiles/cmTC_d9b6d.dir/build
make[1]: Entering directory '/home/gunshi/Downloads/MultiRobot/backward2/build/CMakeFiles/CMakeTmp'
Building C object CMakeFiles/cmTC_d9b6d.dir/CheckIncludeFile.c.o
/usr/bin/cc  -DLAPACK_USE_F2C  -Wall -W    -o CMakeFiles/cmTC_d9b6d.dir/CheckIncludeFile.c.o   -c /home/gunshi/Downloads/MultiRobot/backward2/build/CMakeFiles/CMakeTmp/CheckIncludeFile.c
Linking C executable cmTC_d9b6d
/usr/bin/cmake -E cmake_link_script CMakeFiles/cmTC_d9b6d.dir/link.txt --verbose=1
/usr/bin/cc    -Wall -W     CMakeFiles/cmTC_d9b6d.dir/CheckIncludeFile.c.o  -o cmTC_d9b6d -rdynamic 
make[1]: Leaving directory '/home/gunshi/Downloads/MultiRobot/backward2/build/CMakeFiles/CMakeTmp'


Determining if the function pthread_create exists in the pthread passed with the following output:
Change Dir: /home/gunshi/Downloads/MultiRobot/backward2/build/CMakeFiles/CMakeTmp

Run Build Command:"/usr/bin/make" "cmTC_6571e/fast"
/usr/bin/make -f CMakeFiles/cmTC_6571e.dir/build.make CMakeFiles/cmTC_6571e.dir/build
make[1]: Entering directory '/home/gunshi/Downloads/MultiRobot/backward2/build/CMakeFiles/CMakeTmp'
Building C object CMakeFiles/cmTC_6571e.dir/CheckFunctionExists.c.o
/usr/bin/cc  -DLAPACK_USE_F2C  -Wall -W -DCHECK_FUNCTION_EXISTS=pthread_create   -o CMakeFiles/cmTC_6571e.dir/CheckFunctionExists.c.o   -c /usr/share/cmake-3.5/Modules/CheckFunctionExists.c
Linking C executable cmTC_6571e
/usr/bin/cmake -E cmake_link_script CMakeFiles/cmTC_6571e.dir/link.txt --verbose=1
/usr/bin/cc    -Wall -W -DCHECK_FUNCTION_EXISTS=pthread_create    CMakeFiles/cmTC_6571e.dir/CheckFunctionExists.c.o  -o cmTC_6571e -rdynamic -lpthread 
make[1]: Leaving directory '/home/gunshi/Downloads/MultiRobot/backward2/build/CMakeFiles/CMakeTmp'


Determining if the function sgemm_ exists passed with the following output:
Change Dir: /home/gunshi/Downloads/MultiRobot/3dmerge/build/CMakeFiles/CMakeTmp

Run Build Command:"/usr/bin/make" "cmTC_573e2/fast"
/usr/bin/make -f CMakeFiles/cmTC_573e2.dir/build.make CMakeFiles/cmTC_573e2.dir/build
make[1]: Entering directory '/home/gunshi/Downloads/MultiRobot/3dmerge/build/CMakeFiles/CMakeTmp'
Building C object CMakeFiles/cmTC_573e2.dir/CheckFunctionExists.c.o
/usr/bin/cc  -DBLAS_USE_F2C  -DCHECK_FUNCTION_EXISTS=sgemm_   -o CMakeFiles/cmTC_573e2.dir/CheckFunctionExists.c.o   -c /usr/share/cmake-3.5/Modules/CheckFunctionExists.c
Linking C executable cmTC_573e2
/usr/bin/cmake -E cmake_link_script CMakeFiles/cmTC_573e2.dir/link.txt --verbose=1
/usr/bin/cc   -DCHECK_FUNCTION_EXISTS=sgemm_    CMakeFiles/cmTC_573e2.dir/CheckFunctionExists.c.o  -o cmTC_573e2 -rdynamic /usr/lib/libblas.so 
make[1]: Leaving directory '/home/gunshi/Downloads/MultiRobot/3dmerge/build/CMakeFiles/CMakeTmp'


Determining if the function cheev_ exists passed with the following output:
Change Dir: /home/gunshi/Downloads/MultiRobot/3dmerge/build/CMakeFiles/CMakeTmp

Run Build Command:"/usr/bin/make" "cmTC_b5be0/fast"
/usr/bin/make -f CMakeFiles/cmTC_b5be0.dir/build.make CMakeFiles/cmTC_b5be0.dir/build
make[1]: Entering directory '/home/gunshi/Downloads/MultiRobot/3dmerge/build/CMakeFiles/CMakeTmp'
Building C object CMakeFiles/cmTC_b5be0.dir/CheckFunctionExists.c.o
/usr/bin/cc  -DLAPACK_USE_F2C  -DCHECK_FUNCTION_EXISTS=cheev_   -o CMakeFiles/cmTC_b5be0.dir/CheckFunctionExists.c.o   -c /usr/share/cmake-3.5/Modules/CheckFunctionExists.c
Linking C executable cmTC_b5be0
/usr/bin/cmake -E cmake_link_script CMakeFiles/cmTC_b5be0.dir/link.txt --verbose=1
/usr/bin/cc   -DCHECK_FUNCTION_EXISTS=cheev_    CMakeFiles/cmTC_b5be0.dir/CheckFunctionExists.c.o  -o cmTC_b5be0 -rdynamic /usr/lib/liblapack.so /usr/lib/libblas.so 
make[1]: Leaving directory '/home/gunshi/Downloads/MultiRobot/3dmerge/build/CMakeFiles/CMakeTmp'


Determining if the Q_WS_X11 exist passed with the following output:
Change Dir: /home/gunshi/Downloads/MultiRobot/3dmerge/build/CMakeFiles/CMakeTmp

Run Build Command:"/usr/bin/make" "cmTC_02b76/fast"
/usr/bin/make -f CMakeFiles/cmTC_02b76.dir/build.make CMakeFiles/cmTC_02b76.dir/build
make[1]: Entering directory '/home/gunshi/Downloads/MultiRobot/3dmerge/build/CMakeFiles/CMakeTmp'
Building CXX object CMakeFiles/cmTC_02b76.dir/CheckSymbolExists.cxx.o
/usr/bin/c++   -DLAPACK_USE_F2C -I/usr/include/qt4   -o CMakeFiles/cmTC_02b76.dir/CheckSymbolExists.cxx.o -c /home/gunshi/Downloads/MultiRobot/3dmerge/build/CMakeFiles/CMakeTmp/CheckSymbolExists.cxx
Linking CXX executable cmTC_02b76
/usr/bin/cmake -E cmake_link_script CMakeFiles/cmTC_02b76.dir/link.txt --verbose=1
/usr/bin/c++        CMakeFiles/cmTC_02b76.dir/CheckSymbolExists.cxx.o  -o cmTC_02b76 -rdynamic 
make[1]: Leaving directory '/home/gunshi/Downloads/MultiRobot/3dmerge/build/CMakeFiles/CMakeTmp'

File /home/gunshi/Downloads/MultiRobot/3dmerge/build/CMakeFiles/CMakeTmp/CheckSymbolExists.cxx:
/* */
#include <QtCore/qglobal.h>

int main(int argc, char** argv)
{
  (void)argv;
#ifndef Q_WS_X11
  return ((int*)(&Q_WS_X11))[argc];
#else
  (void)argc;
  return 0;
#endif
}

Performing C++ SOURCE FILE Test COMPILER_SUPPORTS_CXX11 succeeded with the following output:
Change Dir: /home/gunshi/Downloads/MultiRobot/3dmerge/build/CMakeFiles/CMakeTmp

Run Build Command:"/usr/bin/make" "cmTC_2df5b/fast"
/usr/bin/make -f CMakeFiles/cmTC_2df5b.dir/build.make CMakeFiles/cmTC_2df5b.dir/build
make[1]: Entering directory '/home/gunshi/Downloads/MultiRobot/3dmerge/build/CMakeFiles/CMakeTmp'
Building CXX object CMakeFiles/cmTC_2df5b.dir/src.cxx.o
/usr/bin/c++     -DCOMPILER_SUPPORTS_CXX11   -std=c++11 -o CMakeFiles/cmTC_2df5b.dir/src.cxx.o -c /home/gunshi/Downloads/MultiRobot/3dmerge/build/CMakeFiles/CMakeTmp/src.cxx
Linking CXX executable cmTC_2df5b
/usr/bin/cmake -E cmake_link_script CMakeFiles/cmTC_2df5b.dir/link.txt --verbose=1
/usr/bin/c++    -DCOMPILER_SUPPORTS_CXX11    CMakeFiles/cmTC_2df5b.dir/src.cxx.o  -o cmTC_2df5b -rdynamic 
make[1]: Leaving directory '/home/gunshi/Downloads/MultiRobot/3dmerge/build/CMakeFiles/CMakeTmp'

Source file was:
int main() { return 0; }
Performing C++ SOURCE FILE Test COMPILER_SUPPORTS_CXX0X succeeded with the following output:
Change Dir: /home/gunshi/Downloads/MultiRobot/3dmerge/build/CMakeFiles/CMakeTmp

Run Build Command:"/usr/bin/make" "cmTC_eb1ba/fast"
/usr/bin/make -f CMakeFiles/cmTC_eb1ba.dir/build.make CMakeFiles/cmTC_eb1ba.dir/build
make[1]: Entering directory '/home/gunshi/Downloads/MultiRobot/3dmerge/build/CMakeFiles/CMakeTmp'
Building CXX object CMakeFiles/cmTC_eb1ba.dir/src.cxx.o
/usr/bin/c++     -DCOMPILER_SUPPORTS_CXX0X   -std=c++0x -o CMakeFiles/cmTC_eb1ba.dir/src.cxx.o -c /home/gunshi/Downloads/MultiRobot/3dmerge/build/CMakeFiles/CMakeTmp/src.cxx
Linking CXX executable cmTC_eb1ba
/usr/bin/cmake -E cmake_link_script CMakeFiles/cmTC_eb1ba.dir/link.txt --verbose=1
/usr/bin/c++    -DCOMPILER_SUPPORTS_CXX0X    CMakeFiles/cmTC_eb1ba.dir/src.cxx.o  -o cmTC_eb1ba -rdynamic 
make[1]: Leaving directory '/home/gunshi/Downloads/MultiRobot/3dmerge/build/CMakeFiles/CMakeTmp'

Source file was:
int main() { return 0; }
Determining if the include file pthread.h exists passed with the following output:
Change Dir: /home/gunshi/Downloads/MultiRobot/3dmerge/build/CMakeFiles/CMakeTmp

Run Build Command:"/usr/bin/make" "cmTC_54e57/fast"
/usr/bin/make -f CMakeFiles/cmTC_54e57.dir/build.make CMakeFiles/cmTC_54e57.dir/build
make[1]: Entering directory '/home/gunshi/Downloads/MultiRobot/3dmerge/build/CMakeFiles/CMakeTmp'
Building C object CMakeFiles/cmTC_54e57.dir/CheckIncludeFile.c.o
/usr/bin/cc  -DLAPACK_USE_F2C  -Wall -W    -o CMakeFiles/cmTC_54e57.dir/CheckIncludeFile.c.o   -c /home/gunshi/Downloads/MultiRobot/3dmerge/build/CMakeFiles/CMakeTmp/CheckIncludeFile.c
Linking C executable cmTC_54e57
/usr/bin/cmake -E cmake_link_script CMakeFiles/cmTC_54e57.dir/link.txt --verbose=1
/usr/bin/cc    -Wall -W     CMakeFiles/cmTC_54e57.dir/CheckIncludeFile.c.o  -o cmTC_54e57 -rdynamic 
make[1]: Leaving directory '/home/gunshi/Downloads/MultiRobot/3dmerge/build/CMakeFiles/CMakeTmp'


Determining if the function pthread_create exists in the pthread passed with the following output:
Change Dir: /home/gunshi/Downloads/MultiRobot/3dmerge/build/CMakeFiles/CMakeTmp

Run Build Command:"/usr/bin/make" "cmTC_aaeda/fast"
/usr/bin/make -f CMakeFiles/cmTC_aaeda.dir/build.make CMakeFiles/cmTC_aaeda.dir/build
make[1]: Entering directory '/home/gunshi/Downloads/MultiRobot/3dmerge/build/CMakeFiles/CMakeTmp'
Building C object CMakeFiles/cmTC_aaeda.dir/CheckFunctionExists.c.o
/usr/bin/cc  -DLAPACK_USE_F2C  -Wall -W -DCHECK_FUNCTION_EXISTS=pthread_create   -o CMakeFiles/cmTC_aaeda.dir/CheckFunctionExists.c.o   -c /usr/share/cmake-3.5/Modules/CheckFunctionExists.c
Linking C executable cmTC_aaeda
/usr/bin/cmake -E cmake_link_script CMakeFiles/cmTC_aaeda.dir/link.txt --verbose=1
/usr/bin/cc    -Wall -W -DCHECK_FUNCTION_EXISTS=pthread_create    CMakeFiles/cmTC_aaeda.dir/CheckFunctionExists.c.o  -o cmTC_aaeda -rdynamic -lpthread 
make[1]: Leaving directory '/home/gunshi/Downloads/MultiRobot/3dmerge/build/CMakeFiles/CMakeTmp'


